c:\users\nb42\git\robosense_demo_cw\robosense_demo_cw\debug\vc141.pdb
c:\users\nb42\git\robosense_demo_cw\robosense_demo_cw\debug\vc141.idb
c:\users\nb42\git\robosense_demo_cw\robosense_demo_cw\debug\ini_parser.obj
c:\users\nb42\git\robosense_demo_cw\robosense_demo_cw\debug\robosense_demo_cw.obj
c:\users\nb42\git\robosense_demo_cw\debug\robosense_demo_cw.pdb
c:\users\nb42\git\robosense_demo_cw\robosense_demo_cw\debug\robosens.9b4beaf4.tlog\cl.command.1.tlog
c:\users\nb42\git\robosense_demo_cw\robosense_demo_cw\debug\robosens.9b4beaf4.tlog\cl.read.1.tlog
c:\users\nb42\git\robosense_demo_cw\robosense_demo_cw\debug\robosens.9b4beaf4.tlog\cl.write.1.tlog
c:\users\nb42\git\robosense_demo_cw\robosense_demo_cw\debug\robosens.9b4beaf4.tlog\link-cvtres.read.1.tlog
c:\users\nb42\git\robosense_demo_cw\robosense_demo_cw\debug\robosens.9b4beaf4.tlog\link-cvtres.write.1.tlog
c:\users\nb42\git\robosense_demo_cw\robosense_demo_cw\debug\robosens.9b4beaf4.tlog\link-rc.read.1.tlog
c:\users\nb42\git\robosense_demo_cw\robosense_demo_cw\debug\robosens.9b4beaf4.tlog\link-rc.write.1.tlog
c:\users\nb42\git\robosense_demo_cw\robosense_demo_cw\debug\robosens.9b4beaf4.tlog\link.16172-cvtres.read.1.tlog
c:\users\nb42\git\robosense_demo_cw\robosense_demo_cw\debug\robosens.9b4beaf4.tlog\link.16172-cvtres.write.1.tlog
c:\users\nb42\git\robosense_demo_cw\robosense_demo_cw\debug\robosens.9b4beaf4.tlog\link.16172-rc.read.1.tlog
c:\users\nb42\git\robosense_demo_cw\robosense_demo_cw\debug\robosens.9b4beaf4.tlog\link.16172-rc.write.1.tlog
c:\users\nb42\git\robosense_demo_cw\robosense_demo_cw\debug\robosens.9b4beaf4.tlog\link.16172.read.1.tlog
c:\users\nb42\git\robosense_demo_cw\robosense_demo_cw\debug\robosens.9b4beaf4.tlog\link.16172.write.1.tlog
c:\users\nb42\git\robosense_demo_cw\robosense_demo_cw\debug\robosens.9b4beaf4.tlog\link.command.1.tlog
c:\users\nb42\git\robosense_demo_cw\robosense_demo_cw\debug\robosens.9b4beaf4.tlog\link.read.1.tlog
c:\users\nb42\git\robosense_demo_cw\robosense_demo_cw\debug\robosens.9b4beaf4.tlog\link.write.1.tlog
