  robosense_demo_cw.cpp
c:\program files\pcl 1.9.1\include\pcl-1.9\pcl\point_traits.h : warning C4819: 현재 코드 페이지(949)에서 표시할 수 없는 문자가 파일에 들어 있습니다. 데이터가 손실되지 않게 하려면 해당 파일을 유니코드 형식으로 저장하십시오.
c:\program files\pcl 1.9.1\include\pcl-1.9\pcl\visualization\interactor_style.h : warning C4819: 현재 코드 페이지(949)에서 표시할 수 없는 문자가 파일에 들어 있습니다. 데이터가 손실되지 않게 하려면 해당 파일을 유니코드 형식으로 저장하십시오.
c:\program files\pcl 1.9.1\include\pcl-1.9\pcl\visualization\pcl_visualizer.h(1609): warning C4819: 현재 코드 페이지(949)에서 표시할 수 없는 문자가 파일에 들어 있습니다. 데이터가 손실되지 않게 하려면 해당 파일을 유니코드 형식으로 저장하십시오.
  Please define _WIN32_WINNT or _WIN32_WINDOWS appropriately. For example:
  - add -D_WIN32_WINNT=0x0501 to the compiler command line; or
  - add _WIN32_WINNT=0x0501 to your project's Preprocessor Definitions.
  Assuming _WIN32_WINNT=0x0501 (i.e. Windows XP target).
  rsdriver_cw.cpp
  Please define _WIN32_WINNT or _WIN32_WINDOWS appropriately. For example:
  - add -D_WIN32_WINNT=0x0501 to the compiler command line; or
  - add _WIN32_WINNT=0x0501 to your project's Preprocessor Definitions.
  Assuming _WIN32_WINNT=0x0501 (i.e. Windows XP target).
c:\program files\pcl 1.9.1\include\pcl-1.9\pcl\point_traits.h : warning C4819: 현재 코드 페이지(949)에서 표시할 수 없는 문자가 파일에 들어 있습니다. 데이터가 손실되지 않게 하려면 해당 파일을 유니코드 형식으로 저장하십시오.
  코드를 생성하고 있습니다.
  713 of 2576 functions (27.7%) were compiled, the rest were copied from previous compilation.
    292 functions were new in current compilation
    434 functions had inline decision re-evaluated but remain unchanged
  코드를 생성했습니다.
vtkCommonColor-8.1-gd.lib(vtkColorSeries.obj) : warning LNK4099: 'vtkCommonColor.pdb' PDB를 'vtkCommonColor-8.1-gd.lib(vtkColorSeries.obj)' 또는 'C:\Users\NB42\git\robosense_demo_cw\x64\Release\vtkCommonColor.pdb'에서 찾을 수 없습니다. 디버그 정보가 없는 것처럼 개체를 링크합니다.
vtkCommonCore-8.1-gd.lib(vtkAbstractArray.obj) : warning LNK4099: 'vtkCommonCore.pdb' PDB를 'vtkCommonCore-8.1-gd.lib(vtkAbstractArray.obj)' 또는 'C:\Users\NB42\git\robosense_demo_cw\x64\Release\vtkCommonCore.pdb'에서 찾을 수 없습니다. 디버그 정보가 없는 것처럼 개체를 링크합니다.
vtkCommonCore-8.1-gd.lib(vtkArrayCoordinates.obj) : warning LNK4099: 'vtkCommonCore.pdb' PDB를 'vtkCommonCore-8.1-gd.lib(vtkArrayCoordinates.obj)' 또는 'C:\Users\NB42\git\robosense_demo_cw\x64\Release\vtkCommonCore.pdb'에서 찾을 수 없습니다. 디버그 정보가 없는 것처럼 개체를 링크합니다.
vtkCommonCore-8.1-gd.lib(vtkArray.obj) : warning LNK4099: 'vtkCommonCore.pdb' PDB를 'vtkCommonCore-8.1-gd.lib(vtkArray.obj)' 또는 'C:\Users\NB42\git\robosense_demo_cw\x64\Release\vtkCommonCore.pdb'에서 찾을 수 없습니다. 디버그 정보가 없는 것처럼 개체를 링크합니다.
vtkCommonCore-8.1-gd.lib(vtkArrayExtents.obj) : warning LNK4099: 'vtkCommonCore.pdb' PDB를 'vtkCommonCore-8.1-gd.lib(vtkArrayExtents.obj)' 또는 'C:\Users\NB42\git\robosense_demo_cw\x64\Release\vtkCommonCore.pdb'에서 찾을 수 없습니다. 디버그 정보가 없는 것처럼 개체를 링크합니다.
vtkCommonCore-8.1-gd.lib(vtkArrayIterator.obj) : warning LNK4099: 'vtkCommonCore.pdb' PDB를 'vtkCommonCore-8.1-gd.lib(vtkArrayIterator.obj)' 또는 'C:\Users\NB42\git\robosense_demo_cw\x64\Release\vtkCommonCore.pdb'에서 찾을 수 없습니다. 디버그 정보가 없는 것처럼 개체를 링크합니다.
vtkCommonCore-8.1-gd.lib(vtkArrayIteratorTemplateInstantiate.obj) : warning LNK4099: 'vtkCommonCore.pdb' PDB를 'vtkCommonCore-8.1-gd.lib(vtkArrayIteratorTemplateInstantiate.obj)' 또는 'C:\Users\NB42\git\robosense_demo_cw\x64\Release\vtkCommonCore.pdb'에서 찾을 수 없습니다. 디버그 정보가 없는 것처럼 개체를 링크합니다.
vtkCommonCore-8.1-gd.lib(vtkArrayRange.obj) : warning LNK4099: 'vtkCommonCore.pdb' PDB를 'vtkCommonCore-8.1-gd.lib(vtkArrayRange.obj)' 또는 'C:\Users\NB42\git\robosense_demo_cw\x64\Release\vtkCommonCore.pdb'에서 찾을 수 없습니다. 디버그 정보가 없는 것처럼 개체를 링크합니다.
vtkCommonCore-8.1-gd.lib(vtkBitArray.obj) : warning LNK4099: 'vtkCommonCore.pdb' PDB를 'vtkCommonCore-8.1-gd.lib(vtkBitArray.obj)' 또는 'C:\Users\NB42\git\robosense_demo_cw\x64\Release\vtkCommonCore.pdb'에서 찾을 수 없습니다. 디버그 정보가 없는 것처럼 개체를 링크합니다.
vtkCommonCore-8.1-gd.lib(vtkBitArrayIterator.obj) : warning LNK4099: 'vtkCommonCore.pdb' PDB를 'vtkCommonCore-8.1-gd.lib(vtkBitArrayIterator.obj)' 또는 'C:\Users\NB42\git\robosense_demo_cw\x64\Release\vtkCommonCore.pdb'에서 찾을 수 없습니다. 디버그 정보가 없는 것처럼 개체를 링크합니다.
vtkCommonCore-8.1-gd.lib(vtkBoxMuellerRandomSequence.obj) : warning LNK4099: 'vtkCommonCore.pdb' PDB를 'vtkCommonCore-8.1-gd.lib(vtkBoxMuellerRandomSequence.obj)' 또는 'C:\Users\NB42\git\robosense_demo_cw\x64\Release\vtkCommonCore.pdb'에서 찾을 수 없습니다. 디버그 정보가 없는 것처럼 개체를 링크합니다.
vtkCommonCore-8.1-gd.lib(vtkCallbackCommand.obj) : warning LNK4099: 'vtkCommonCore.pdb' PDB를 'vtkCommonCore-8.1-gd.lib(vtkCallbackCommand.obj)' 또는 'C:\Users\NB42\git\robosense_demo_cw\x64\Release\vtkCommonCore.pdb'에서 찾을 수 없습니다. 디버그 정보가 없는 것처럼 개체를 링크합니다.
vtkCommonCore-8.1-gd.lib(vtkCharArray.obj) : warning LNK4099: 'vtkCommonCore.pdb' PDB를 'vtkCommonCore-8.1-gd.lib(vtkCharArray.obj)' 또는 'C:\Users\NB42\git\robosense_demo_cw\x64\Release\vtkCommonCore.pdb'에서 찾을 수 없습니다. 디버그 정보가 없는 것처럼 개체를 링크합니다.
vtkCommonCore-8.1-gd.lib(vtkCollection.obj) : warning LNK4099: 'vtkCommonCore.pdb' PDB를 'vtkCommonCore-8.1-gd.lib(vtkCollection.obj)' 또는 'C:\Users\NB42\git\robosense_demo_cw\x64\Release\vtkCommonCore.pdb'에서 찾을 수 없습니다. 디버그 정보가 없는 것처럼 개체를 링크합니다.
vtkCommonCore-8.1-gd.lib(vtkCollectionIterator.obj) : warning LNK4099: 'vtkCommonCore.pdb' PDB를 'vtkCommonCore-8.1-gd.lib(vtkCollectionIterator.obj)' 또는 'C:\Users\NB42\git\robosense_demo_cw\x64\Release\vtkCommonCore.pdb'에서 찾을 수 없습니다. 디버그 정보가 없는 것처럼 개체를 링크합니다.
vtkCommonCore-8.1-gd.lib(vtkCommand.obj) : warning LNK4099: 'vtkCommonCore.pdb' PDB를 'vtkCommonCore-8.1-gd.lib(vtkCommand.obj)' 또는 'C:\Users\NB42\git\robosense_demo_cw\x64\Release\vtkCommonCore.pdb'에서 찾을 수 없습니다. 디버그 정보가 없는 것처럼 개체를 링크합니다.
vtkCommonCore-8.1-gd.lib(vtkCommonInformationKeyManager.obj) : warning LNK4099: 'vtkCommonCore.pdb' PDB를 'vtkCommonCore-8.1-gd.lib(vtkCommonInformationKeyManager.obj)' 또는 'C:\Users\NB42\git\robosense_demo_cw\x64\Release\vtkCommonCore.pdb'에서 찾을 수 없습니다. 디버그 정보가 없는 것처럼 개체를 링크합니다.
vtkCommonCore-8.1-gd.lib(vtkDataArray.obj) : warning LNK4099: 'vtkCommonCore.pdb' PDB를 'vtkCommonCore-8.1-gd.lib(vtkDataArray.obj)' 또는 'C:\Users\NB42\git\robosense_demo_cw\x64\Release\vtkCommonCore.pdb'에서 찾을 수 없습니다. 디버그 정보가 없는 것처럼 개체를 링크합니다.
vtkCommonCore-8.1-gd.lib(vtkDebugLeaks.obj) : warning LNK4099: 'vtkCommonCore.pdb' PDB를 'vtkCommonCore-8.1-gd.lib(vtkDebugLeaks.obj)' 또는 'C:\Users\NB42\git\robosense_demo_cw\x64\Release\vtkCommonCore.pdb'에서 찾을 수 없습니다. 디버그 정보가 없는 것처럼 개체를 링크합니다.
vtkCommonCore-8.1-gd.lib(vtkDebugLeaksManager.obj) : warning LNK4099: 'vtkCommonCore.pdb' PDB를 'vtkCommonCore-8.1-gd.lib(vtkDebugLeaksManager.obj)' 또는 'C:\Users\NB42\git\robosense_demo_cw\x64\Release\vtkCommonCore.pdb'에서 찾을 수 없습니다. 디버그 정보가 없는 것처럼 개체를 링크합니다.
vtkCommonCore-8.1-gd.lib(vtkDoubleArray.obj) : warning LNK4099: 'vtkCommonCore.pdb' PDB를 'vtkCommonCore-8.1-gd.lib(vtkDoubleArray.obj)' 또는 'C:\Users\NB42\git\robosense_demo_cw\x64\Release\vtkCommonCore.pdb'에서 찾을 수 없습니다. 디버그 정보가 없는 것처럼 개체를 링크합니다.
vtkCommonCore-8.1-gd.lib(vtkDynamicLoader.obj) : warning LNK4099: 'vtkCommonCore.pdb' PDB를 'vtkCommonCore-8.1-gd.lib(vtkDynamicLoader.obj)' 또는 'C:\Users\NB42\git\robosense_demo_cw\x64\Release\vtkCommonCore.pdb'에서 찾을 수 없습니다. 디버그 정보가 없는 것처럼 개체를 링크합니다.
vtkCommonCore-8.1-gd.lib(vtkFloatArray.obj) : warning LNK4099: 'vtkCommonCore.pdb' PDB를 'vtkCommonCore-8.1-gd.lib(vtkFloatArray.obj)' 또는 'C:\Users\NB42\git\robosense_demo_cw\x64\Release\vtkCommonCore.pdb'에서 찾을 수 없습니다. 디버그 정보가 없는 것처럼 개체를 링크합니다.
vtkCommonCore-8.1-gd.lib(vtkGarbageCollector.obj) : warning LNK4099: 'vtkCommonCore.pdb' PDB를 'vtkCommonCore-8.1-gd.lib(vtkGarbageCollector.obj)' 또는 'C:\Users\NB42\git\robosense_demo_cw\x64\Release\vtkCommonCore.pdb'에서 찾을 수 없습니다. 디버그 정보가 없는 것처럼 개체를 링크합니다.
vtkCommonCore-8.1-gd.lib(vtkGarbageCollectorManager.obj) : warning LNK4099: 'vtkCommonCore.pdb' PDB를 'vtkCommonCore-8.1-gd.lib(vtkGarbageCollectorManager.obj)' 또는 'C:\Users\NB42\git\robosense_demo_cw\x64\Release\vtkCommonCore.pdb'에서 찾을 수 없습니다. 디버그 정보가 없는 것처럼 개체를 링크합니다.
vtkCommonCore-8.1-gd.lib(vtkGaussianRandomSequence.obj) : warning LNK4099: 'vtkCommonCore.pdb' PDB를 'vtkCommonCore-8.1-gd.lib(vtkGaussianRandomSequence.obj)' 또는 'C:\Users\NB42\git\robosense_demo_cw\x64\Release\vtkCommonCore.pdb'에서 찾을 수 없습니다. 디버그 정보가 없는 것처럼 개체를 링크합니다.
vtkCommonCore-8.1-gd.lib(vtkIdList.obj) : warning LNK4099: 'vtkCommonCore.pdb' PDB를 'vtkCommonCore-8.1-gd.lib(vtkIdList.obj)' 또는 'C:\Users\NB42\git\robosense_demo_cw\x64\Release\vtkCommonCore.pdb'에서 찾을 수 없습니다. 디버그 정보가 없는 것처럼 개체를 링크합니다.
vtkCommonCore-8.1-gd.lib(vtkIdTypeArray.obj) : warning LNK4099: 'vtkCommonCore.pdb' PDB를 'vtkCommonCore-8.1-gd.lib(vtkIdTypeArray.obj)' 또는 'C:\Users\NB42\git\robosense_demo_cw\x64\Release\vtkCommonCore.pdb'에서 찾을 수 없습니다. 디버그 정보가 없는 것처럼 개체를 링크합니다.
vtkCommonCore-8.1-gd.lib(vtkIndent.obj) : warning LNK4099: 'vtkCommonCore.pdb' PDB를 'vtkCommonCore-8.1-gd.lib(vtkIndent.obj)' 또는 'C:\Users\NB42\git\robosense_demo_cw\x64\Release\vtkCommonCore.pdb'에서 찾을 수 없습니다. 디버그 정보가 없는 것처럼 개체를 링크합니다.
vtkCommonCore-8.1-gd.lib(vtkInformation.obj) : warning LNK4099: 'vtkCommonCore.pdb' PDB를 'vtkCommonCore-8.1-gd.lib(vtkInformation.obj)' 또는 'C:\Users\NB42\git\robosense_demo_cw\x64\Release\vtkCommonCore.pdb'에서 찾을 수 없습니다. 디버그 정보가 없는 것처럼 개체를 링크합니다.
vtkCommonCore-8.1-gd.lib(vtkInformationDataObjectKey.obj) : warning LNK4099: 'vtkCommonCore.pdb' PDB를 'vtkCommonCore-8.1-gd.lib(vtkInformationDataObjectKey.obj)' 또는 'C:\Users\NB42\git\robosense_demo_cw\x64\Release\vtkCommonCore.pdb'에서 찾을 수 없습니다. 디버그 정보가 없는 것처럼 개체를 링크합니다.
vtkCommonCore-8.1-gd.lib(vtkInformationDoubleKey.obj) : warning LNK4099: 'vtkCommonCore.pdb' PDB를 'vtkCommonCore-8.1-gd.lib(vtkInformationDoubleKey.obj)' 또는 'C:\Users\NB42\git\robosense_demo_cw\x64\Release\vtkCommonCore.pdb'에서 찾을 수 없습니다. 디버그 정보가 없는 것처럼 개체를 링크합니다.
vtkCommonCore-8.1-gd.lib(vtkInformationDoubleVectorKey.obj) : warning LNK4099: 'vtkCommonCore.pdb' PDB를 'vtkCommonCore-8.1-gd.lib(vtkInformationDoubleVectorKey.obj)' 또는 'C:\Users\NB42\git\robosense_demo_cw\x64\Release\vtkCommonCore.pdb'에서 찾을 수 없습니다. 디버그 정보가 없는 것처럼 개체를 링크합니다.
vtkCommonCore-8.1-gd.lib(vtkInformationIdTypeKey.obj) : warning LNK4099: 'vtkCommonCore.pdb' PDB를 'vtkCommonCore-8.1-gd.lib(vtkInformationIdTypeKey.obj)' 또는 'C:\Users\NB42\git\robosense_demo_cw\x64\Release\vtkCommonCore.pdb'에서 찾을 수 없습니다. 디버그 정보가 없는 것처럼 개체를 링크합니다.
vtkCommonCore-8.1-gd.lib(vtkInformationInformationKey.obj) : warning LNK4099: 'vtkCommonCore.pdb' PDB를 'vtkCommonCore-8.1-gd.lib(vtkInformationInformationKey.obj)' 또는 'C:\Users\NB42\git\robosense_demo_cw\x64\Release\vtkCommonCore.pdb'에서 찾을 수 없습니다. 디버그 정보가 없는 것처럼 개체를 링크합니다.
vtkCommonCore-8.1-gd.lib(vtkInformationInformationVectorKey.obj) : warning LNK4099: 'vtkCommonCore.pdb' PDB를 'vtkCommonCore-8.1-gd.lib(vtkInformationInformationVectorKey.obj)' 또는 'C:\Users\NB42\git\robosense_demo_cw\x64\Release\vtkCommonCore.pdb'에서 찾을 수 없습니다. 디버그 정보가 없는 것처럼 개체를 링크합니다.
vtkCommonCore-8.1-gd.lib(vtkInformationIntegerKey.obj) : warning LNK4099: 'vtkCommonCore.pdb' PDB를 'vtkCommonCore-8.1-gd.lib(vtkInformationIntegerKey.obj)' 또는 'C:\Users\NB42\git\robosense_demo_cw\x64\Release\vtkCommonCore.pdb'에서 찾을 수 없습니다. 디버그 정보가 없는 것처럼 개체를 링크합니다.
vtkCommonCore-8.1-gd.lib(vtkInformationIntegerPointerKey.obj) : warning LNK4099: 'vtkCommonCore.pdb' PDB를 'vtkCommonCore-8.1-gd.lib(vtkInformationIntegerPointerKey.obj)' 또는 'C:\Users\NB42\git\robosense_demo_cw\x64\Release\vtkCommonCore.pdb'에서 찾을 수 없습니다. 디버그 정보가 없는 것처럼 개체를 링크합니다.
vtkCommonCore-8.1-gd.lib(vtkInformationIntegerVectorKey.obj) : warning LNK4099: 'vtkCommonCore.pdb' PDB를 'vtkCommonCore-8.1-gd.lib(vtkInformationIntegerVectorKey.obj)' 또는 'C:\Users\NB42\git\robosense_demo_cw\x64\Release\vtkCommonCore.pdb'에서 찾을 수 없습니다. 디버그 정보가 없는 것처럼 개체를 링크합니다.
vtkCommonCore-8.1-gd.lib(vtkInformationIterator.obj) : warning LNK4099: 'vtkCommonCore.pdb' PDB를 'vtkCommonCore-8.1-gd.lib(vtkInformationIterator.obj)' 또는 'C:\Users\NB42\git\robosense_demo_cw\x64\Release\vtkCommonCore.pdb'에서 찾을 수 없습니다. 디버그 정보가 없는 것처럼 개체를 링크합니다.
vtkCommonCore-8.1-gd.lib(vtkInformationKey.obj) : warning LNK4099: 'vtkCommonCore.pdb' PDB를 'vtkCommonCore-8.1-gd.lib(vtkInformationKey.obj)' 또는 'C:\Users\NB42\git\robosense_demo_cw\x64\Release\vtkCommonCore.pdb'에서 찾을 수 없습니다. 디버그 정보가 없는 것처럼 개체를 링크합니다.
vtkCommonCore-8.1-gd.lib(vtkInformationKeyLookup.obj) : warning LNK4099: 'vtkCommonCore.pdb' PDB를 'vtkCommonCore-8.1-gd.lib(vtkInformationKeyLookup.obj)' 또는 'C:\Users\NB42\git\robosense_demo_cw\x64\Release\vtkCommonCore.pdb'에서 찾을 수 없습니다. 디버그 정보가 없는 것처럼 개체를 링크합니다.
vtkCommonCore-8.1-gd.lib(vtkInformationKeyVectorKey.obj) : warning LNK4099: 'vtkCommonCore.pdb' PDB를 'vtkCommonCore-8.1-gd.lib(vtkInformationKeyVectorKey.obj)' 또는 'C:\Users\NB42\git\robosense_demo_cw\x64\Release\vtkCommonCore.pdb'에서 찾을 수 없습니다. 디버그 정보가 없는 것처럼 개체를 링크합니다.
vtkCommonCore-8.1-gd.lib(vtkInformationObjectBaseKey.obj) : warning LNK4099: 'vtkCommonCore.pdb' PDB를 'vtkCommonCore-8.1-gd.lib(vtkInformationObjectBaseKey.obj)' 또는 'C:\Users\NB42\git\robosense_demo_cw\x64\Release\vtkCommonCore.pdb'에서 찾을 수 없습니다. 디버그 정보가 없는 것처럼 개체를 링크합니다.
vtkCommonCore-8.1-gd.lib(vtkInformationObjectBaseVectorKey.obj) : warning LNK4099: 'vtkCommonCore.pdb' PDB를 'vtkCommonCore-8.1-gd.lib(vtkInformationObjectBaseVectorKey.obj)' 또는 'C:\Users\NB42\git\robosense_demo_cw\x64\Release\vtkCommonCore.pdb'에서 찾을 수 없습니다. 디버그 정보가 없는 것처럼 개체를 링크합니다.
vtkCommonCore-8.1-gd.lib(vtkInformationRequestKey.obj) : warning LNK4099: 'vtkCommonCore.pdb' PDB를 'vtkCommonCore-8.1-gd.lib(vtkInformationRequestKey.obj)' 또는 'C:\Users\NB42\git\robosense_demo_cw\x64\Release\vtkCommonCore.pdb'에서 찾을 수 없습니다. 디버그 정보가 없는 것처럼 개체를 링크합니다.
vtkCommonCore-8.1-gd.lib(vtkInformationStringKey.obj) : warning LNK4099: 'vtkCommonCore.pdb' PDB를 'vtkCommonCore-8.1-gd.lib(vtkInformationStringKey.obj)' 또는 'C:\Users\NB42\git\robosense_demo_cw\x64\Release\vtkCommonCore.pdb'에서 찾을 수 없습니다. 디버그 정보가 없는 것처럼 개체를 링크합니다.
vtkCommonCore-8.1-gd.lib(vtkInformationStringVectorKey.obj) : warning LNK4099: 'vtkCommonCore.pdb' PDB를 'vtkCommonCore-8.1-gd.lib(vtkInformationStringVectorKey.obj)' 또는 'C:\Users\NB42\git\robosense_demo_cw\x64\Release\vtkCommonCore.pdb'에서 찾을 수 없습니다. 디버그 정보가 없는 것처럼 개체를 링크합니다.
vtkCommonCore-8.1-gd.lib(vtkInformationUnsignedLongKey.obj) : warning LNK4099: 'vtkCommonCore.pdb' PDB를 'vtkCommonCore-8.1-gd.lib(vtkInformationUnsignedLongKey.obj)' 또는 'C:\Users\NB42\git\robosense_demo_cw\x64\Release\vtkCommonCore.pdb'에서 찾을 수 없습니다. 디버그 정보가 없는 것처럼 개체를 링크합니다.
vtkCommonCore-8.1-gd.lib(vtkInformationVariantKey.obj) : warning LNK4099: 'vtkCommonCore.pdb' PDB를 'vtkCommonCore-8.1-gd.lib(vtkInformationVariantKey.obj)' 또는 'C:\Users\NB42\git\robosense_demo_cw\x64\Release\vtkCommonCore.pdb'에서 찾을 수 없습니다. 디버그 정보가 없는 것처럼 개체를 링크합니다.
vtkCommonCore-8.1-gd.lib(vtkInformationVariantVectorKey.obj) : warning LNK4099: 'vtkCommonCore.pdb' PDB를 'vtkCommonCore-8.1-gd.lib(vtkInformationVariantVectorKey.obj)' 또는 'C:\Users\NB42\git\robosense_demo_cw\x64\Release\vtkCommonCore.pdb'에서 찾을 수 없습니다. 디버그 정보가 없는 것처럼 개체를 링크합니다.
vtkCommonCore-8.1-gd.lib(vtkInformationVector.obj) : warning LNK4099: 'vtkCommonCore.pdb' PDB를 'vtkCommonCore-8.1-gd.lib(vtkInformationVector.obj)' 또는 'C:\Users\NB42\git\robosense_demo_cw\x64\Release\vtkCommonCore.pdb'에서 찾을 수 없습니다. 디버그 정보가 없는 것처럼 개체를 링크합니다.
vtkCommonCore-8.1-gd.lib(vtkIntArray.obj) : warning LNK4099: 'vtkCommonCore.pdb' PDB를 'vtkCommonCore-8.1-gd.lib(vtkIntArray.obj)' 또는 'C:\Users\NB42\git\robosense_demo_cw\x64\Release\vtkCommonCore.pdb'에서 찾을 수 없습니다. 디버그 정보가 없는 것처럼 개체를 링크합니다.
vtkCommonCore-8.1-gd.lib(vtkLargeInteger.obj) : warning LNK4099: 'vtkCommonCore.pdb' PDB를 'vtkCommonCore-8.1-gd.lib(vtkLargeInteger.obj)' 또는 'C:\Users\NB42\git\robosense_demo_cw\x64\Release\vtkCommonCore.pdb'에서 찾을 수 없습니다. 디버그 정보가 없는 것처럼 개체를 링크합니다.
vtkCommonCore-8.1-gd.lib(vtkLongArray.obj) : warning LNK4099: 'vtkCommonCore.pdb' PDB를 'vtkCommonCore-8.1-gd.lib(vtkLongArray.obj)' 또는 'C:\Users\NB42\git\robosense_demo_cw\x64\Release\vtkCommonCore.pdb'에서 찾을 수 없습니다. 디버그 정보가 없는 것처럼 개체를 링크합니다.
vtkCommonCore-8.1-gd.lib(vtkLongLongArray.obj) : warning LNK4099: 'vtkCommonCore.pdb' PDB를 'vtkCommonCore-8.1-gd.lib(vtkLongLongArray.obj)' 또는 'C:\Users\NB42\git\robosense_demo_cw\x64\Release\vtkCommonCore.pdb'에서 찾을 수 없습니다. 디버그 정보가 없는 것처럼 개체를 링크합니다.
vtkCommonCore-8.1-gd.lib(vtkLookupTable.obj) : warning LNK4099: 'vtkCommonCore.pdb' PDB를 'vtkCommonCore-8.1-gd.lib(vtkLookupTable.obj)' 또는 'C:\Users\NB42\git\robosense_demo_cw\x64\Release\vtkCommonCore.pdb'에서 찾을 수 없습니다. 디버그 정보가 없는 것처럼 개체를 링크합니다.
vtkCommonCore-8.1-gd.lib(vtkMath.obj) : warning LNK4099: 'vtkCommonCore.pdb' PDB를 'vtkCommonCore-8.1-gd.lib(vtkMath.obj)' 또는 'C:\Users\NB42\git\robosense_demo_cw\x64\Release\vtkCommonCore.pdb'에서 찾을 수 없습니다. 디버그 정보가 없는 것처럼 개체를 링크합니다.
vtkCommonCore-8.1-gd.lib(vtkMinimalStandardRandomSequence.obj) : warning LNK4099: 'vtkCommonCore.pdb' PDB를 'vtkCommonCore-8.1-gd.lib(vtkMinimalStandardRandomSequence.obj)' 또는 'C:\Users\NB42\git\robosense_demo_cw\x64\Release\vtkCommonCore.pdb'에서 찾을 수 없습니다. 디버그 정보가 없는 것처럼 개체를 링크합니다.
vtkCommonCore-8.1-gd.lib(vtkMultiThreader.obj) : warning LNK4099: 'vtkCommonCore.pdb' PDB를 'vtkCommonCore-8.1-gd.lib(vtkMultiThreader.obj)' 또는 'C:\Users\NB42\git\robosense_demo_cw\x64\Release\vtkCommonCore.pdb'에서 찾을 수 없습니다. 디버그 정보가 없는 것처럼 개체를 링크합니다.
vtkCommonCore-8.1-gd.lib(vtkMutexLock.obj) : warning LNK4099: 'vtkCommonCore.pdb' PDB를 'vtkCommonCore-8.1-gd.lib(vtkMutexLock.obj)' 또는 'C:\Users\NB42\git\robosense_demo_cw\x64\Release\vtkCommonCore.pdb'에서 찾을 수 없습니다. 디버그 정보가 없는 것처럼 개체를 링크합니다.
vtkCommonCore-8.1-gd.lib(vtkObjectBase.obj) : warning LNK4099: 'vtkCommonCore.pdb' PDB를 'vtkCommonCore-8.1-gd.lib(vtkObjectBase.obj)' 또는 'C:\Users\NB42\git\robosense_demo_cw\x64\Release\vtkCommonCore.pdb'에서 찾을 수 없습니다. 디버그 정보가 없는 것처럼 개체를 링크합니다.
vtkCommonCore-8.1-gd.lib(vtkObject.obj) : warning LNK4099: 'vtkCommonCore.pdb' PDB를 'vtkCommonCore-8.1-gd.lib(vtkObject.obj)' 또는 'C:\Users\NB42\git\robosense_demo_cw\x64\Release\vtkCommonCore.pdb'에서 찾을 수 없습니다. 디버그 정보가 없는 것처럼 개체를 링크합니다.
vtkCommonCore-8.1-gd.lib(vtkObjectFactoryCollection.obj) : warning LNK4099: 'vtkCommonCore.pdb' PDB를 'vtkCommonCore-8.1-gd.lib(vtkObjectFactoryCollection.obj)' 또는 'C:\Users\NB42\git\robosense_demo_cw\x64\Release\vtkCommonCore.pdb'에서 찾을 수 없습니다. 디버그 정보가 없는 것처럼 개체를 링크합니다.
vtkCommonCore-8.1-gd.lib(vtkObjectFactory.obj) : warning LNK4099: 'vtkCommonCore.pdb' PDB를 'vtkCommonCore-8.1-gd.lib(vtkObjectFactory.obj)' 또는 'C:\Users\NB42\git\robosense_demo_cw\x64\Release\vtkCommonCore.pdb'에서 찾을 수 없습니다. 디버그 정보가 없는 것처럼 개체를 링크합니다.
vtkCommonCore-8.1-gd.lib(vtkOStreamWrapper.obj) : warning LNK4099: 'vtkCommonCore.pdb' PDB를 'vtkCommonCore-8.1-gd.lib(vtkOStreamWrapper.obj)' 또는 'C:\Users\NB42\git\robosense_demo_cw\x64\Release\vtkCommonCore.pdb'에서 찾을 수 없습니다. 디버그 정보가 없는 것처럼 개체를 링크합니다.
vtkCommonCore-8.1-gd.lib(vtkOStrStreamWrapper.obj) : warning LNK4099: 'vtkCommonCore.pdb' PDB를 'vtkCommonCore-8.1-gd.lib(vtkOStrStreamWrapper.obj)' 또는 'C:\Users\NB42\git\robosense_demo_cw\x64\Release\vtkCommonCore.pdb'에서 찾을 수 없습니다. 디버그 정보가 없는 것처럼 개체를 링크합니다.
vtkCommonCore-8.1-gd.lib(vtkOutputWindow.obj) : warning LNK4099: 'vtkCommonCore.pdb' PDB를 'vtkCommonCore-8.1-gd.lib(vtkOutputWindow.obj)' 또는 'C:\Users\NB42\git\robosense_demo_cw\x64\Release\vtkCommonCore.pdb'에서 찾을 수 없습니다. 디버그 정보가 없는 것처럼 개체를 링크합니다.
vtkCommonCore-8.1-gd.lib(vtkOverrideInformation.obj) : warning LNK4099: 'vtkCommonCore.pdb' PDB를 'vtkCommonCore-8.1-gd.lib(vtkOverrideInformation.obj)' 또는 'C:\Users\NB42\git\robosense_demo_cw\x64\Release\vtkCommonCore.pdb'에서 찾을 수 없습니다. 디버그 정보가 없는 것처럼 개체를 링크합니다.
vtkCommonCore-8.1-gd.lib(vtkPoints.obj) : warning LNK4099: 'vtkCommonCore.pdb' PDB를 'vtkCommonCore-8.1-gd.lib(vtkPoints.obj)' 또는 'C:\Users\NB42\git\robosense_demo_cw\x64\Release\vtkCommonCore.pdb'에서 찾을 수 없습니다. 디버그 정보가 없는 것처럼 개체를 링크합니다.
vtkCommonCore-8.1-gd.lib(vtkPriorityQueue.obj) : warning LNK4099: 'vtkCommonCore.pdb' PDB를 'vtkCommonCore-8.1-gd.lib(vtkPriorityQueue.obj)' 또는 'C:\Users\NB42\git\robosense_demo_cw\x64\Release\vtkCommonCore.pdb'에서 찾을 수 없습니다. 디버그 정보가 없는 것처럼 개체를 링크합니다.
vtkCommonCore-8.1-gd.lib(vtkRandomSequence.obj) : warning LNK4099: 'vtkCommonCore.pdb' PDB를 'vtkCommonCore-8.1-gd.lib(vtkRandomSequence.obj)' 또는 'C:\Users\NB42\git\robosense_demo_cw\x64\Release\vtkCommonCore.pdb'에서 찾을 수 없습니다. 디버그 정보가 없는 것처럼 개체를 링크합니다.
vtkCommonCore-8.1-gd.lib(vtkScalarsToColors.obj) : warning LNK4099: 'vtkCommonCore.pdb' PDB를 'vtkCommonCore-8.1-gd.lib(vtkScalarsToColors.obj)' 또는 'C:\Users\NB42\git\robosense_demo_cw\x64\Release\vtkCommonCore.pdb'에서 찾을 수 없습니다. 디버그 정보가 없는 것처럼 개체를 링크합니다.
vtkCommonCore-8.1-gd.lib(vtkShortArray.obj) : warning LNK4099: 'vtkCommonCore.pdb' PDB를 'vtkCommonCore-8.1-gd.lib(vtkShortArray.obj)' 또는 'C:\Users\NB42\git\robosense_demo_cw\x64\Release\vtkCommonCore.pdb'에서 찾을 수 없습니다. 디버그 정보가 없는 것처럼 개체를 링크합니다.
vtkCommonCore-8.1-gd.lib(vtkSignedCharArray.obj) : warning LNK4099: 'vtkCommonCore.pdb' PDB를 'vtkCommonCore-8.1-gd.lib(vtkSignedCharArray.obj)' 또는 'C:\Users\NB42\git\robosense_demo_cw\x64\Release\vtkCommonCore.pdb'에서 찾을 수 없습니다. 디버그 정보가 없는 것처럼 개체를 링크합니다.
vtkCommonCore-8.1-gd.lib(vtkSimpleCriticalSection.obj) : warning LNK4099: 'vtkCommonCore.pdb' PDB를 'vtkCommonCore-8.1-gd.lib(vtkSimpleCriticalSection.obj)' 또는 'C:\Users\NB42\git\robosense_demo_cw\x64\Release\vtkCommonCore.pdb'에서 찾을 수 없습니다. 디버그 정보가 없는 것처럼 개체를 링크합니다.
vtkCommonCore-8.1-gd.lib(vtkSmartPointerBase.obj) : warning LNK4099: 'vtkCommonCore.pdb' PDB를 'vtkCommonCore-8.1-gd.lib(vtkSmartPointerBase.obj)' 또는 'C:\Users\NB42\git\robosense_demo_cw\x64\Release\vtkCommonCore.pdb'에서 찾을 수 없습니다. 디버그 정보가 없는 것처럼 개체를 링크합니다.
vtkCommonCore-8.1-gd.lib(vtkSortDataArray.obj) : warning LNK4099: 'vtkCommonCore.pdb' PDB를 'vtkCommonCore-8.1-gd.lib(vtkSortDataArray.obj)' 또는 'C:\Users\NB42\git\robosense_demo_cw\x64\Release\vtkCommonCore.pdb'에서 찾을 수 없습니다. 디버그 정보가 없는 것처럼 개체를 링크합니다.
vtkCommonCore-8.1-gd.lib(vtkStdString.obj) : warning LNK4099: 'vtkCommonCore.pdb' PDB를 'vtkCommonCore-8.1-gd.lib(vtkStdString.obj)' 또는 'C:\Users\NB42\git\robosense_demo_cw\x64\Release\vtkCommonCore.pdb'에서 찾을 수 없습니다. 디버그 정보가 없는 것처럼 개체를 링크합니다.
vtkCommonCore-8.1-gd.lib(vtkStringArray.obj) : warning LNK4099: 'vtkCommonCore.pdb' PDB를 'vtkCommonCore-8.1-gd.lib(vtkStringArray.obj)' 또는 'C:\Users\NB42\git\robosense_demo_cw\x64\Release\vtkCommonCore.pdb'에서 찾을 수 없습니다. 디버그 정보가 없는 것처럼 개체를 링크합니다.
vtkCommonCore-8.1-gd.lib(vtkTimeStamp.obj) : warning LNK4099: 'vtkCommonCore.pdb' PDB를 'vtkCommonCore-8.1-gd.lib(vtkTimeStamp.obj)' 또는 'C:\Users\NB42\git\robosense_demo_cw\x64\Release\vtkCommonCore.pdb'에서 찾을 수 없습니다. 디버그 정보가 없는 것처럼 개체를 링크합니다.
vtkCommonCore-8.1-gd.lib(vtkUnicodeStringArray.obj) : warning LNK4099: 'vtkCommonCore.pdb' PDB를 'vtkCommonCore-8.1-gd.lib(vtkUnicodeStringArray.obj)' 또는 'C:\Users\NB42\git\robosense_demo_cw\x64\Release\vtkCommonCore.pdb'에서 찾을 수 없습니다. 디버그 정보가 없는 것처럼 개체를 링크합니다.
vtkCommonCore-8.1-gd.lib(vtkUnicodeString.obj) : warning LNK4099: 'vtkCommonCore.pdb' PDB를 'vtkCommonCore-8.1-gd.lib(vtkUnicodeString.obj)' 또는 'C:\Users\NB42\git\robosense_demo_cw\x64\Release\vtkCommonCore.pdb'에서 찾을 수 없습니다. 디버그 정보가 없는 것처럼 개체를 링크합니다.
vtkCommonCore-8.1-gd.lib(vtkUnsignedCharArray.obj) : warning LNK4099: 'vtkCommonCore.pdb' PDB를 'vtkCommonCore-8.1-gd.lib(vtkUnsignedCharArray.obj)' 또는 'C:\Users\NB42\git\robosense_demo_cw\x64\Release\vtkCommonCore.pdb'에서 찾을 수 없습니다. 디버그 정보가 없는 것처럼 개체를 링크합니다.
vtkCommonCore-8.1-gd.lib(vtkUnsignedIntArray.obj) : warning LNK4099: 'vtkCommonCore.pdb' PDB를 'vtkCommonCore-8.1-gd.lib(vtkUnsignedIntArray.obj)' 또는 'C:\Users\NB42\git\robosense_demo_cw\x64\Release\vtkCommonCore.pdb'에서 찾을 수 없습니다. 디버그 정보가 없는 것처럼 개체를 링크합니다.
vtkCommonCore-8.1-gd.lib(vtkUnsignedLongArray.obj) : warning LNK4099: 'vtkCommonCore.pdb' PDB를 'vtkCommonCore-8.1-gd.lib(vtkUnsignedLongArray.obj)' 또는 'C:\Users\NB42\git\robosense_demo_cw\x64\Release\vtkCommonCore.pdb'에서 찾을 수 없습니다. 디버그 정보가 없는 것처럼 개체를 링크합니다.
vtkCommonCore-8.1-gd.lib(vtkUnsignedLongLongArray.obj) : warning LNK4099: 'vtkCommonCore.pdb' PDB를 'vtkCommonCore-8.1-gd.lib(vtkUnsignedLongLongArray.obj)' 또는 'C:\Users\NB42\git\robosense_demo_cw\x64\Release\vtkCommonCore.pdb'에서 찾을 수 없습니다. 디버그 정보가 없는 것처럼 개체를 링크합니다.
vtkCommonCore-8.1-gd.lib(vtkUnsignedShortArray.obj) : warning LNK4099: 'vtkCommonCore.pdb' PDB를 'vtkCommonCore-8.1-gd.lib(vtkUnsignedShortArray.obj)' 또는 'C:\Users\NB42\git\robosense_demo_cw\x64\Release\vtkCommonCore.pdb'에서 찾을 수 없습니다. 디버그 정보가 없는 것처럼 개체를 링크합니다.
vtkCommonCore-8.1-gd.lib(vtkVariantArray.obj) : warning LNK4099: 'vtkCommonCore.pdb' PDB를 'vtkCommonCore-8.1-gd.lib(vtkVariantArray.obj)' 또는 'C:\Users\NB42\git\robosense_demo_cw\x64\Release\vtkCommonCore.pdb'에서 찾을 수 없습니다. 디버그 정보가 없는 것처럼 개체를 링크합니다.
vtkCommonCore-8.1-gd.lib(vtkVariant.obj) : warning LNK4099: 'vtkCommonCore.pdb' PDB를 'vtkCommonCore-8.1-gd.lib(vtkVariant.obj)' 또는 'C:\Users\NB42\git\robosense_demo_cw\x64\Release\vtkCommonCore.pdb'에서 찾을 수 없습니다. 디버그 정보가 없는 것처럼 개체를 링크합니다.
vtkCommonCore-8.1-gd.lib(vtkVoidArray.obj) : warning LNK4099: 'vtkCommonCore.pdb' PDB를 'vtkCommonCore-8.1-gd.lib(vtkVoidArray.obj)' 또는 'C:\Users\NB42\git\robosense_demo_cw\x64\Release\vtkCommonCore.pdb'에서 찾을 수 없습니다. 디버그 정보가 없는 것처럼 개체를 링크합니다.
vtkCommonCore-8.1-gd.lib(vtkAtomic.obj) : warning LNK4099: 'vtkCommonCore.pdb' PDB를 'vtkCommonCore-8.1-gd.lib(vtkAtomic.obj)' 또는 'C:\Users\NB42\git\robosense_demo_cw\x64\Release\vtkCommonCore.pdb'에서 찾을 수 없습니다. 디버그 정보가 없는 것처럼 개체를 링크합니다.
vtkCommonCore-8.1-gd.lib(vtkInstantiator.obj) : warning LNK4099: 'vtkCommonCore.pdb' PDB를 'vtkCommonCore-8.1-gd.lib(vtkInstantiator.obj)' 또는 'C:\Users\NB42\git\robosense_demo_cw\x64\Release\vtkCommonCore.pdb'에서 찾을 수 없습니다. 디버그 정보가 없는 것처럼 개체를 링크합니다.
vtkCommonCore-8.1-gd.lib(vtkWin32OutputWindow.obj) : warning LNK4099: 'vtkCommonCore.pdb' PDB를 'vtkCommonCore-8.1-gd.lib(vtkWin32OutputWindow.obj)' 또는 'C:\Users\NB42\git\robosense_demo_cw\x64\Release\vtkCommonCore.pdb'에서 찾을 수 없습니다. 디버그 정보가 없는 것처럼 개체를 링크합니다.
vtkCommonDataModel-8.1-gd.lib(vtkAbstractCellLinks.obj) : warning LNK4099: 'vtkCommonDataModel.pdb' PDB를 'vtkCommonDataModel-8.1-gd.lib(vtkAbstractCellLinks.obj)' 또는 'C:\Users\NB42\git\robosense_demo_cw\x64\Release\vtkCommonDataModel.pdb'에서 찾을 수 없습니다. 디버그 정보가 없는 것처럼 개체를 링크합니다.
vtkCommonDataModel-8.1-gd.lib(vtkAbstractCellLocator.obj) : warning LNK4099: 'vtkCommonDataModel.pdb' PDB를 'vtkCommonDataModel-8.1-gd.lib(vtkAbstractCellLocator.obj)' 또는 'C:\Users\NB42\git\robosense_demo_cw\x64\Release\vtkCommonDataModel.pdb'에서 찾을 수 없습니다. 디버그 정보가 없는 것처럼 개체를 링크합니다.
vtkCommonDataModel-8.1-gd.lib(vtkAbstractPointLocator.obj) : warning LNK4099: 'vtkCommonDataModel.pdb' PDB를 'vtkCommonDataModel-8.1-gd.lib(vtkAbstractPointLocator.obj)' 또는 'C:\Users\NB42\git\robosense_demo_cw\x64\Release\vtkCommonDataModel.pdb'에서 찾을 수 없습니다. 디버그 정보가 없는 것처럼 개체를 링크합니다.
vtkCommonDataModel-8.1-gd.lib(vtkAdjacentVertexIterator.obj) : warning LNK4099: 'vtkCommonDataModel.pdb' PDB를 'vtkCommonDataModel-8.1-gd.lib(vtkAdjacentVertexIterator.obj)' 또는 'C:\Users\NB42\git\robosense_demo_cw\x64\Release\vtkCommonDataModel.pdb'에서 찾을 수 없습니다. 디버그 정보가 없는 것처럼 개체를 링크합니다.
vtkCommonDataModel-8.1-gd.lib(vtkAMRBox.obj) : warning LNK4099: 'vtkCommonDataModel.pdb' PDB를 'vtkCommonDataModel-8.1-gd.lib(vtkAMRBox.obj)' 또는 'C:\Users\NB42\git\robosense_demo_cw\x64\Release\vtkCommonDataModel.pdb'에서 찾을 수 없습니다. 디버그 정보가 없는 것처럼 개체를 링크합니다.
vtkCommonDataModel-8.1-gd.lib(vtkAnnotation.obj) : warning LNK4099: 'vtkCommonDataModel.pdb' PDB를 'vtkCommonDataModel-8.1-gd.lib(vtkAnnotation.obj)' 또는 'C:\Users\NB42\git\robosense_demo_cw\x64\Release\vtkCommonDataModel.pdb'에서 찾을 수 없습니다. 디버그 정보가 없는 것처럼 개체를 링크합니다.
vtkCommonDataModel-8.1-gd.lib(vtkAnnotationLayers.obj) : warning LNK4099: 'vtkCommonDataModel.pdb' PDB를 'vtkCommonDataModel-8.1-gd.lib(vtkAnnotationLayers.obj)' 또는 'C:\Users\NB42\git\robosense_demo_cw\x64\Release\vtkCommonDataModel.pdb'에서 찾을 수 없습니다. 디버그 정보가 없는 것처럼 개체를 링크합니다.
vtkCommonDataModel-8.1-gd.lib(vtkArrayData.obj) : warning LNK4099: 'vtkCommonDataModel.pdb' PDB를 'vtkCommonDataModel-8.1-gd.lib(vtkArrayData.obj)' 또는 'C:\Users\NB42\git\robosense_demo_cw\x64\Release\vtkCommonDataModel.pdb'에서 찾을 수 없습니다. 디버그 정보가 없는 것처럼 개체를 링크합니다.
vtkCommonDataModel-8.1-gd.lib(vtkBiQuadraticQuad.obj) : warning LNK4099: 'vtkCommonDataModel.pdb' PDB를 'vtkCommonDataModel-8.1-gd.lib(vtkBiQuadraticQuad.obj)' 또는 'C:\Users\NB42\git\robosense_demo_cw\x64\Release\vtkCommonDataModel.pdb'에서 찾을 수 없습니다. 디버그 정보가 없는 것처럼 개체를 링크합니다.
vtkCommonDataModel-8.1-gd.lib(vtkBiQuadraticQuadraticHexahedron.obj) : warning LNK4099: 'vtkCommonDataModel.pdb' PDB를 'vtkCommonDataModel-8.1-gd.lib(vtkBiQuadraticQuadraticHexahedron.obj)' 또는 'C:\Users\NB42\git\robosense_demo_cw\x64\Release\vtkCommonDataModel.pdb'에서 찾을 수 없습니다. 디버그 정보가 없는 것처럼 개체를 링크합니다.
vtkCommonDataModel-8.1-gd.lib(vtkBiQuadraticQuadraticWedge.obj) : warning LNK4099: 'vtkCommonDataModel.pdb' PDB를 'vtkCommonDataModel-8.1-gd.lib(vtkBiQuadraticQuadraticWedge.obj)' 또는 'C:\Users\NB42\git\robosense_demo_cw\x64\Release\vtkCommonDataModel.pdb'에서 찾을 수 없습니다. 디버그 정보가 없는 것처럼 개체를 링크합니다.
vtkCommonDataModel-8.1-gd.lib(vtkBiQuadraticTriangle.obj) : warning LNK4099: 'vtkCommonDataModel.pdb' PDB를 'vtkCommonDataModel-8.1-gd.lib(vtkBiQuadraticTriangle.obj)' 또는 'C:\Users\NB42\git\robosense_demo_cw\x64\Release\vtkCommonDataModel.pdb'에서 찾을 수 없습니다. 디버그 정보가 없는 것처럼 개체를 링크합니다.
vtkCommonDataModel-8.1-gd.lib(vtkBox.obj) : warning LNK4099: 'vtkCommonDataModel.pdb' PDB를 'vtkCommonDataModel-8.1-gd.lib(vtkBox.obj)' 또는 'C:\Users\NB42\git\robosense_demo_cw\x64\Release\vtkCommonDataModel.pdb'에서 찾을 수 없습니다. 디버그 정보가 없는 것처럼 개체를 링크합니다.
vtkCommonDataModel-8.1-gd.lib(vtkCell3D.obj) : warning LNK4099: 'vtkCommonDataModel.pdb' PDB를 'vtkCommonDataModel-8.1-gd.lib(vtkCell3D.obj)' 또는 'C:\Users\NB42\git\robosense_demo_cw\x64\Release\vtkCommonDataModel.pdb'에서 찾을 수 없습니다. 디버그 정보가 없는 것처럼 개체를 링크합니다.
vtkCommonDataModel-8.1-gd.lib(vtkCellArray.obj) : warning LNK4099: 'vtkCommonDataModel.pdb' PDB를 'vtkCommonDataModel-8.1-gd.lib(vtkCellArray.obj)' 또는 'C:\Users\NB42\git\robosense_demo_cw\x64\Release\vtkCommonDataModel.pdb'에서 찾을 수 없습니다. 디버그 정보가 없는 것처럼 개체를 링크합니다.
vtkCommonDataModel-8.1-gd.lib(vtkCell.obj) : warning LNK4099: 'vtkCommonDataModel.pdb' PDB를 'vtkCommonDataModel-8.1-gd.lib(vtkCell.obj)' 또는 'C:\Users\NB42\git\robosense_demo_cw\x64\Release\vtkCommonDataModel.pdb'에서 찾을 수 없습니다. 디버그 정보가 없는 것처럼 개체를 링크합니다.
vtkCommonDataModel-8.1-gd.lib(vtkCellData.obj) : warning LNK4099: 'vtkCommonDataModel.pdb' PDB를 'vtkCommonDataModel-8.1-gd.lib(vtkCellData.obj)' 또는 'C:\Users\NB42\git\robosense_demo_cw\x64\Release\vtkCommonDataModel.pdb'에서 찾을 수 없습니다. 디버그 정보가 없는 것처럼 개체를 링크합니다.
vtkCommonDataModel-8.1-gd.lib(vtkCellIterator.obj) : warning LNK4099: 'vtkCommonDataModel.pdb' PDB를 'vtkCommonDataModel-8.1-gd.lib(vtkCellIterator.obj)' 또는 'C:\Users\NB42\git\robosense_demo_cw\x64\Release\vtkCommonDataModel.pdb'에서 찾을 수 없습니다. 디버그 정보가 없는 것처럼 개체를 링크합니다.
vtkCommonDataModel-8.1-gd.lib(vtkCellLinks.obj) : warning LNK4099: 'vtkCommonDataModel.pdb' PDB를 'vtkCommonDataModel-8.1-gd.lib(vtkCellLinks.obj)' 또는 'C:\Users\NB42\git\robosense_demo_cw\x64\Release\vtkCommonDataModel.pdb'에서 찾을 수 없습니다. 디버그 정보가 없는 것처럼 개체를 링크합니다.
vtkCommonDataModel-8.1-gd.lib(vtkCellLocator.obj) : warning LNK4099: 'vtkCommonDataModel.pdb' PDB를 'vtkCommonDataModel-8.1-gd.lib(vtkCellLocator.obj)' 또는 'C:\Users\NB42\git\robosense_demo_cw\x64\Release\vtkCommonDataModel.pdb'에서 찾을 수 없습니다. 디버그 정보가 없는 것처럼 개체를 링크합니다.
vtkCommonDataModel-8.1-gd.lib(vtkCellTypes.obj) : warning LNK4099: 'vtkCommonDataModel.pdb' PDB를 'vtkCommonDataModel-8.1-gd.lib(vtkCellTypes.obj)' 또는 'C:\Users\NB42\git\robosense_demo_cw\x64\Release\vtkCommonDataModel.pdb'에서 찾을 수 없습니다. 디버그 정보가 없는 것처럼 개체를 링크합니다.
vtkCommonDataModel-8.1-gd.lib(vtkCompositeDataSet.obj) : warning LNK4099: 'vtkCommonDataModel.pdb' PDB를 'vtkCommonDataModel-8.1-gd.lib(vtkCompositeDataSet.obj)' 또는 'C:\Users\NB42\git\robosense_demo_cw\x64\Release\vtkCommonDataModel.pdb'에서 찾을 수 없습니다. 디버그 정보가 없는 것처럼 개체를 링크합니다.
vtkCommonDataModel-8.1-gd.lib(vtkCompositeDataIterator.obj) : warning LNK4099: 'vtkCommonDataModel.pdb' PDB를 'vtkCommonDataModel-8.1-gd.lib(vtkCompositeDataIterator.obj)' 또는 'C:\Users\NB42\git\robosense_demo_cw\x64\Release\vtkCommonDataModel.pdb'에서 찾을 수 없습니다. 디버그 정보가 없는 것처럼 개체를 링크합니다.
vtkCommonDataModel-8.1-gd.lib(vtkConvexPointSet.obj) : warning LNK4099: 'vtkCommonDataModel.pdb' PDB를 'vtkCommonDataModel-8.1-gd.lib(vtkConvexPointSet.obj)' 또는 'C:\Users\NB42\git\robosense_demo_cw\x64\Release\vtkCommonDataModel.pdb'에서 찾을 수 없습니다. 디버그 정보가 없는 것처럼 개체를 링크합니다.
vtkCommonDataModel-8.1-gd.lib(vtkCubicLine.obj) : warning LNK4099: 'vtkCommonDataModel.pdb' PDB를 'vtkCommonDataModel-8.1-gd.lib(vtkCubicLine.obj)' 또는 'C:\Users\NB42\git\robosense_demo_cw\x64\Release\vtkCommonDataModel.pdb'에서 찾을 수 없습니다. 디버그 정보가 없는 것처럼 개체를 링크합니다.
vtkCommonDataModel-8.1-gd.lib(vtkDataSetCellIterator.obj) : warning LNK4099: 'vtkCommonDataModel.pdb' PDB를 'vtkCommonDataModel-8.1-gd.lib(vtkDataSetCellIterator.obj)' 또는 'C:\Users\NB42\git\robosense_demo_cw\x64\Release\vtkCommonDataModel.pdb'에서 찾을 수 없습니다. 디버그 정보가 없는 것처럼 개체를 링크합니다.
vtkCommonDataModel-8.1-gd.lib(vtkDataObject.obj) : warning LNK4099: 'vtkCommonDataModel.pdb' PDB를 'vtkCommonDataModel-8.1-gd.lib(vtkDataObject.obj)' 또는 'C:\Users\NB42\git\robosense_demo_cw\x64\Release\vtkCommonDataModel.pdb'에서 찾을 수 없습니다. 디버그 정보가 없는 것처럼 개체를 링크합니다.
vtkCommonDataModel-8.1-gd.lib(vtkDataObjectTypes.obj) : warning LNK4099: 'vtkCommonDataModel.pdb' PDB를 'vtkCommonDataModel-8.1-gd.lib(vtkDataObjectTypes.obj)' 또는 'C:\Users\NB42\git\robosense_demo_cw\x64\Release\vtkCommonDataModel.pdb'에서 찾을 수 없습니다. 디버그 정보가 없는 것처럼 개체를 링크합니다.
vtkCommonDataModel-8.1-gd.lib(vtkDataObjectTree.obj) : warning LNK4099: 'vtkCommonDataModel.pdb' PDB를 'vtkCommonDataModel-8.1-gd.lib(vtkDataObjectTree.obj)' 또는 'C:\Users\NB42\git\robosense_demo_cw\x64\Release\vtkCommonDataModel.pdb'에서 찾을 수 없습니다. 디버그 정보가 없는 것처럼 개체를 링크합니다.
vtkCommonDataModel-8.1-gd.lib(vtkDataObjectTreeIterator.obj) : warning LNK4099: 'vtkCommonDataModel.pdb' PDB를 'vtkCommonDataModel-8.1-gd.lib(vtkDataObjectTreeIterator.obj)' 또는 'C:\Users\NB42\git\robosense_demo_cw\x64\Release\vtkCommonDataModel.pdb'에서 찾을 수 없습니다. 디버그 정보가 없는 것처럼 개체를 링크합니다.
vtkCommonDataModel-8.1-gd.lib(vtkDataSetAttributes.obj) : warning LNK4099: 'vtkCommonDataModel.pdb' PDB를 'vtkCommonDataModel-8.1-gd.lib(vtkDataSetAttributes.obj)' 또는 'C:\Users\NB42\git\robosense_demo_cw\x64\Release\vtkCommonDataModel.pdb'에서 찾을 수 없습니다. 디버그 정보가 없는 것처럼 개체를 링크합니다.
vtkCommonDataModel-8.1-gd.lib(vtkDataSet.obj) : warning LNK4099: 'vtkCommonDataModel.pdb' PDB를 'vtkCommonDataModel-8.1-gd.lib(vtkDataSet.obj)' 또는 'C:\Users\NB42\git\robosense_demo_cw\x64\Release\vtkCommonDataModel.pdb'에서 찾을 수 없습니다. 디버그 정보가 없는 것처럼 개체를 링크합니다.
vtkCommonDataModel-8.1-gd.lib(vtkDirectedAcyclicGraph.obj) : warning LNK4099: 'vtkCommonDataModel.pdb' PDB를 'vtkCommonDataModel-8.1-gd.lib(vtkDirectedAcyclicGraph.obj)' 또는 'C:\Users\NB42\git\robosense_demo_cw\x64\Release\vtkCommonDataModel.pdb'에서 찾을 수 없습니다. 디버그 정보가 없는 것처럼 개체를 링크합니다.
vtkCommonDataModel-8.1-gd.lib(vtkDirectedGraph.obj) : warning LNK4099: 'vtkCommonDataModel.pdb' PDB를 'vtkCommonDataModel-8.1-gd.lib(vtkDirectedGraph.obj)' 또는 'C:\Users\NB42\git\robosense_demo_cw\x64\Release\vtkCommonDataModel.pdb'에서 찾을 수 없습니다. 디버그 정보가 없는 것처럼 개체를 링크합니다.
vtkCommonDataModel-8.1-gd.lib(vtkDistributedGraphHelper.obj) : warning LNK4099: 'vtkCommonDataModel.pdb' PDB를 'vtkCommonDataModel-8.1-gd.lib(vtkDistributedGraphHelper.obj)' 또는 'C:\Users\NB42\git\robosense_demo_cw\x64\Release\vtkCommonDataModel.pdb'에서 찾을 수 없습니다. 디버그 정보가 없는 것처럼 개체를 링크합니다.
vtkCommonDataModel-8.1-gd.lib(vtkEdgeListIterator.obj) : warning LNK4099: 'vtkCommonDataModel.pdb' PDB를 'vtkCommonDataModel-8.1-gd.lib(vtkEdgeListIterator.obj)' 또는 'C:\Users\NB42\git\robosense_demo_cw\x64\Release\vtkCommonDataModel.pdb'에서 찾을 수 없습니다. 디버그 정보가 없는 것처럼 개체를 링크합니다.
vtkCommonDataModel-8.1-gd.lib(vtkEdgeTable.obj) : warning LNK4099: 'vtkCommonDataModel.pdb' PDB를 'vtkCommonDataModel-8.1-gd.lib(vtkEdgeTable.obj)' 또는 'C:\Users\NB42\git\robosense_demo_cw\x64\Release\vtkCommonDataModel.pdb'에서 찾을 수 없습니다. 디버그 정보가 없는 것처럼 개체를 링크합니다.
vtkCommonDataModel-8.1-gd.lib(vtkEmptyCell.obj) : warning LNK4099: 'vtkCommonDataModel.pdb' PDB를 'vtkCommonDataModel-8.1-gd.lib(vtkEmptyCell.obj)' 또는 'C:\Users\NB42\git\robosense_demo_cw\x64\Release\vtkCommonDataModel.pdb'에서 찾을 수 없습니다. 디버그 정보가 없는 것처럼 개체를 링크합니다.
vtkCommonDataModel-8.1-gd.lib(vtkFieldData.obj) : warning LNK4099: 'vtkCommonDataModel.pdb' PDB를 'vtkCommonDataModel-8.1-gd.lib(vtkFieldData.obj)' 또는 'C:\Users\NB42\git\robosense_demo_cw\x64\Release\vtkCommonDataModel.pdb'에서 찾을 수 없습니다. 디버그 정보가 없는 것처럼 개체를 링크합니다.
vtkCommonDataModel-8.1-gd.lib(vtkGenericCell.obj) : warning LNK4099: 'vtkCommonDataModel.pdb' PDB를 'vtkCommonDataModel-8.1-gd.lib(vtkGenericCell.obj)' 또는 'C:\Users\NB42\git\robosense_demo_cw\x64\Release\vtkCommonDataModel.pdb'에서 찾을 수 없습니다. 디버그 정보가 없는 것처럼 개체를 링크합니다.
vtkCommonDataModel-8.1-gd.lib(vtkGraph.obj) : warning LNK4099: 'vtkCommonDataModel.pdb' PDB를 'vtkCommonDataModel-8.1-gd.lib(vtkGraph.obj)' 또는 'C:\Users\NB42\git\robosense_demo_cw\x64\Release\vtkCommonDataModel.pdb'에서 찾을 수 없습니다. 디버그 정보가 없는 것처럼 개체를 링크합니다.
vtkCommonDataModel-8.1-gd.lib(vtkGraphEdge.obj) : warning LNK4099: 'vtkCommonDataModel.pdb' PDB를 'vtkCommonDataModel-8.1-gd.lib(vtkGraphEdge.obj)' 또는 'C:\Users\NB42\git\robosense_demo_cw\x64\Release\vtkCommonDataModel.pdb'에서 찾을 수 없습니다. 디버그 정보가 없는 것처럼 개체를 링크합니다.
vtkCommonDataModel-8.1-gd.lib(vtkGraphInternals.obj) : warning LNK4099: 'vtkCommonDataModel.pdb' PDB를 'vtkCommonDataModel-8.1-gd.lib(vtkGraphInternals.obj)' 또는 'C:\Users\NB42\git\robosense_demo_cw\x64\Release\vtkCommonDataModel.pdb'에서 찾을 수 없습니다. 디버그 정보가 없는 것처럼 개체를 링크합니다.
vtkCommonDataModel-8.1-gd.lib(vtkHexagonalPrism.obj) : warning LNK4099: 'vtkCommonDataModel.pdb' PDB를 'vtkCommonDataModel-8.1-gd.lib(vtkHexagonalPrism.obj)' 또는 'C:\Users\NB42\git\robosense_demo_cw\x64\Release\vtkCommonDataModel.pdb'에서 찾을 수 없습니다. 디버그 정보가 없는 것처럼 개체를 링크합니다.
vtkCommonDataModel-8.1-gd.lib(vtkHexahedron.obj) : warning LNK4099: 'vtkCommonDataModel.pdb' PDB를 'vtkCommonDataModel-8.1-gd.lib(vtkHexahedron.obj)' 또는 'C:\Users\NB42\git\robosense_demo_cw\x64\Release\vtkCommonDataModel.pdb'에서 찾을 수 없습니다. 디버그 정보가 없는 것처럼 개체를 링크합니다.
vtkCommonDataModel-8.1-gd.lib(vtkHierarchicalBoxDataIterator.obj) : warning LNK4099: 'vtkCommonDataModel.pdb' PDB를 'vtkCommonDataModel-8.1-gd.lib(vtkHierarchicalBoxDataIterator.obj)' 또는 'C:\Users\NB42\git\robosense_demo_cw\x64\Release\vtkCommonDataModel.pdb'에서 찾을 수 없습니다. 디버그 정보가 없는 것처럼 개체를 링크합니다.
vtkCommonDataModel-8.1-gd.lib(vtkHierarchicalBoxDataSet.obj) : warning LNK4099: 'vtkCommonDataModel.pdb' PDB를 'vtkCommonDataModel-8.1-gd.lib(vtkHierarchicalBoxDataSet.obj)' 또는 'C:\Users\NB42\git\robosense_demo_cw\x64\Release\vtkCommonDataModel.pdb'에서 찾을 수 없습니다. 디버그 정보가 없는 것처럼 개체를 링크합니다.
vtkCommonDataModel-8.1-gd.lib(vtkHyperTree.obj) : warning LNK4099: 'vtkCommonDataModel.pdb' PDB를 'vtkCommonDataModel-8.1-gd.lib(vtkHyperTree.obj)' 또는 'C:\Users\NB42\git\robosense_demo_cw\x64\Release\vtkCommonDataModel.pdb'에서 찾을 수 없습니다. 디버그 정보가 없는 것처럼 개체를 링크합니다.
vtkCommonDataModel-8.1-gd.lib(vtkHyperTreeCursor.obj) : warning LNK4099: 'vtkCommonDataModel.pdb' PDB를 'vtkCommonDataModel-8.1-gd.lib(vtkHyperTreeCursor.obj)' 또는 'C:\Users\NB42\git\robosense_demo_cw\x64\Release\vtkCommonDataModel.pdb'에서 찾을 수 없습니다. 디버그 정보가 없는 것처럼 개체를 링크합니다.
vtkCommonDataModel-8.1-gd.lib(vtkHyperTreeGrid.obj) : warning LNK4099: 'vtkCommonDataModel.pdb' PDB를 'vtkCommonDataModel-8.1-gd.lib(vtkHyperTreeGrid.obj)' 또는 'C:\Users\NB42\git\robosense_demo_cw\x64\Release\vtkCommonDataModel.pdb'에서 찾을 수 없습니다. 디버그 정보가 없는 것처럼 개체를 링크합니다.
vtkCommonDataModel-8.1-gd.lib(vtkHyperTreeGridCursor.obj) : warning LNK4099: 'vtkCommonDataModel.pdb' PDB를 'vtkCommonDataModel-8.1-gd.lib(vtkHyperTreeGridCursor.obj)' 또는 'C:\Users\NB42\git\robosense_demo_cw\x64\Release\vtkCommonDataModel.pdb'에서 찾을 수 없습니다. 디버그 정보가 없는 것처럼 개체를 링크합니다.
vtkCommonDataModel-8.1-gd.lib(vtkImageData.obj) : warning LNK4099: 'vtkCommonDataModel.pdb' PDB를 'vtkCommonDataModel-8.1-gd.lib(vtkImageData.obj)' 또는 'C:\Users\NB42\git\robosense_demo_cw\x64\Release\vtkCommonDataModel.pdb'에서 찾을 수 없습니다. 디버그 정보가 없는 것처럼 개체를 링크합니다.
vtkCommonDataModel-8.1-gd.lib(vtkImplicitFunction.obj) : warning LNK4099: 'vtkCommonDataModel.pdb' PDB를 'vtkCommonDataModel-8.1-gd.lib(vtkImplicitFunction.obj)' 또는 'C:\Users\NB42\git\robosense_demo_cw\x64\Release\vtkCommonDataModel.pdb'에서 찾을 수 없습니다. 디버그 정보가 없는 것처럼 개체를 링크합니다.
vtkCommonDataModel-8.1-gd.lib(vtkIncrementalPointLocator.obj) : warning LNK4099: 'vtkCommonDataModel.pdb' PDB를 'vtkCommonDataModel-8.1-gd.lib(vtkIncrementalPointLocator.obj)' 또는 'C:\Users\NB42\git\robosense_demo_cw\x64\Release\vtkCommonDataModel.pdb'에서 찾을 수 없습니다. 디버그 정보가 없는 것처럼 개체를 링크합니다.
vtkCommonDataModel-8.1-gd.lib(vtkInEdgeIterator.obj) : warning LNK4099: 'vtkCommonDataModel.pdb' PDB를 'vtkCommonDataModel-8.1-gd.lib(vtkInEdgeIterator.obj)' 또는 'C:\Users\NB42\git\robosense_demo_cw\x64\Release\vtkCommonDataModel.pdb'에서 찾을 수 없습니다. 디버그 정보가 없는 것처럼 개체를 링크합니다.
vtkCommonDataModel-8.1-gd.lib(vtkLagrangeCurve.obj) : warning LNK4099: 'vtkCommonDataModel.pdb' PDB를 'vtkCommonDataModel-8.1-gd.lib(vtkLagrangeCurve.obj)' 또는 'C:\Users\NB42\git\robosense_demo_cw\x64\Release\vtkCommonDataModel.pdb'에서 찾을 수 없습니다. 디버그 정보가 없는 것처럼 개체를 링크합니다.
vtkCommonDataModel-8.1-gd.lib(vtkLagrangeHexahedron.obj) : warning LNK4099: 'vtkCommonDataModel.pdb' PDB를 'vtkCommonDataModel-8.1-gd.lib(vtkLagrangeHexahedron.obj)' 또는 'C:\Users\NB42\git\robosense_demo_cw\x64\Release\vtkCommonDataModel.pdb'에서 찾을 수 없습니다. 디버그 정보가 없는 것처럼 개체를 링크합니다.
vtkCommonDataModel-8.1-gd.lib(vtkLagrangeInterpolation.obj) : warning LNK4099: 'vtkCommonDataModel.pdb' PDB를 'vtkCommonDataModel-8.1-gd.lib(vtkLagrangeInterpolation.obj)' 또는 'C:\Users\NB42\git\robosense_demo_cw\x64\Release\vtkCommonDataModel.pdb'에서 찾을 수 없습니다. 디버그 정보가 없는 것처럼 개체를 링크합니다.
vtkCommonDataModel-8.1-gd.lib(vtkLagrangeQuadrilateral.obj) : warning LNK4099: 'vtkCommonDataModel.pdb' PDB를 'vtkCommonDataModel-8.1-gd.lib(vtkLagrangeQuadrilateral.obj)' 또는 'C:\Users\NB42\git\robosense_demo_cw\x64\Release\vtkCommonDataModel.pdb'에서 찾을 수 없습니다. 디버그 정보가 없는 것처럼 개체를 링크합니다.
vtkCommonDataModel-8.1-gd.lib(vtkLagrangeTetra.obj) : warning LNK4099: 'vtkCommonDataModel.pdb' PDB를 'vtkCommonDataModel-8.1-gd.lib(vtkLagrangeTetra.obj)' 또는 'C:\Users\NB42\git\robosense_demo_cw\x64\Release\vtkCommonDataModel.pdb'에서 찾을 수 없습니다. 디버그 정보가 없는 것처럼 개체를 링크합니다.
vtkCommonDataModel-8.1-gd.lib(vtkLagrangeTriangle.obj) : warning LNK4099: 'vtkCommonDataModel.pdb' PDB를 'vtkCommonDataModel-8.1-gd.lib(vtkLagrangeTriangle.obj)' 또는 'C:\Users\NB42\git\robosense_demo_cw\x64\Release\vtkCommonDataModel.pdb'에서 찾을 수 없습니다. 디버그 정보가 없는 것처럼 개체를 링크합니다.
vtkCommonDataModel-8.1-gd.lib(vtkLagrangeWedge.obj) : warning LNK4099: 'vtkCommonDataModel.pdb' PDB를 'vtkCommonDataModel-8.1-gd.lib(vtkLagrangeWedge.obj)' 또는 'C:\Users\NB42\git\robosense_demo_cw\x64\Release\vtkCommonDataModel.pdb'에서 찾을 수 없습니다. 디버그 정보가 없는 것처럼 개체를 링크합니다.
vtkCommonDataModel-8.1-gd.lib(vtkLine.obj) : warning LNK4099: 'vtkCommonDataModel.pdb' PDB를 'vtkCommonDataModel-8.1-gd.lib(vtkLine.obj)' 또는 'C:\Users\NB42\git\robosense_demo_cw\x64\Release\vtkCommonDataModel.pdb'에서 찾을 수 없습니다. 디버그 정보가 없는 것처럼 개체를 링크합니다.
vtkCommonDataModel-8.1-gd.lib(vtkLocator.obj) : warning LNK4099: 'vtkCommonDataModel.pdb' PDB를 'vtkCommonDataModel-8.1-gd.lib(vtkLocator.obj)' 또는 'C:\Users\NB42\git\robosense_demo_cw\x64\Release\vtkCommonDataModel.pdb'에서 찾을 수 없습니다. 디버그 정보가 없는 것처럼 개체를 링크합니다.
vtkCommonDataModel-8.1-gd.lib(vtkMarchingSquaresLineCases.obj) : warning LNK4099: 'vtkCommonDataModel.pdb' PDB를 'vtkCommonDataModel-8.1-gd.lib(vtkMarchingSquaresLineCases.obj)' 또는 'C:\Users\NB42\git\robosense_demo_cw\x64\Release\vtkCommonDataModel.pdb'에서 찾을 수 없습니다. 디버그 정보가 없는 것처럼 개체를 링크합니다.
vtkCommonDataModel-8.1-gd.lib(vtkMarchingCubesTriangleCases.obj) : warning LNK4099: 'vtkCommonDataModel.pdb' PDB를 'vtkCommonDataModel-8.1-gd.lib(vtkMarchingCubesTriangleCases.obj)' 또는 'C:\Users\NB42\git\robosense_demo_cw\x64\Release\vtkCommonDataModel.pdb'에서 찾을 수 없습니다. 디버그 정보가 없는 것처럼 개체를 링크합니다.
vtkCommonDataModel-8.1-gd.lib(vtkMeanValueCoordinatesInterpolator.obj) : warning LNK4099: 'vtkCommonDataModel.pdb' PDB를 'vtkCommonDataModel-8.1-gd.lib(vtkMeanValueCoordinatesInterpolator.obj)' 또는 'C:\Users\NB42\git\robosense_demo_cw\x64\Release\vtkCommonDataModel.pdb'에서 찾을 수 없습니다. 디버그 정보가 없는 것처럼 개체를 링크합니다.
vtkCommonDataModel-8.1-gd.lib(vtkMergePoints.obj) : warning LNK4099: 'vtkCommonDataModel.pdb' PDB를 'vtkCommonDataModel-8.1-gd.lib(vtkMergePoints.obj)' 또는 'C:\Users\NB42\git\robosense_demo_cw\x64\Release\vtkCommonDataModel.pdb'에서 찾을 수 없습니다. 디버그 정보가 없는 것처럼 개체를 링크합니다.
vtkCommonDataModel-8.1-gd.lib(vtkMultiBlockDataSet.obj) : warning LNK4099: 'vtkCommonDataModel.pdb' PDB를 'vtkCommonDataModel-8.1-gd.lib(vtkMultiBlockDataSet.obj)' 또는 'C:\Users\NB42\git\robosense_demo_cw\x64\Release\vtkCommonDataModel.pdb'에서 찾을 수 없습니다. 디버그 정보가 없는 것처럼 개체를 링크합니다.
vtkCommonDataModel-8.1-gd.lib(vtkMultiPieceDataSet.obj) : warning LNK4099: 'vtkCommonDataModel.pdb' PDB를 'vtkCommonDataModel-8.1-gd.lib(vtkMultiPieceDataSet.obj)' 또는 'C:\Users\NB42\git\robosense_demo_cw\x64\Release\vtkCommonDataModel.pdb'에서 찾을 수 없습니다. 디버그 정보가 없는 것처럼 개체를 링크합니다.
vtkCommonDataModel-8.1-gd.lib(vtkMutableDirectedGraph.obj) : warning LNK4099: 'vtkCommonDataModel.pdb' PDB를 'vtkCommonDataModel-8.1-gd.lib(vtkMutableDirectedGraph.obj)' 또는 'C:\Users\NB42\git\robosense_demo_cw\x64\Release\vtkCommonDataModel.pdb'에서 찾을 수 없습니다. 디버그 정보가 없는 것처럼 개체를 링크합니다.
vtkCommonDataModel-8.1-gd.lib(vtkMutableUndirectedGraph.obj) : warning LNK4099: 'vtkCommonDataModel.pdb' PDB를 'vtkCommonDataModel-8.1-gd.lib(vtkMutableUndirectedGraph.obj)' 또는 'C:\Users\NB42\git\robosense_demo_cw\x64\Release\vtkCommonDataModel.pdb'에서 찾을 수 없습니다. 디버그 정보가 없는 것처럼 개체를 링크합니다.
vtkCommonDataModel-8.1-gd.lib(vtkNonLinearCell.obj) : warning LNK4099: 'vtkCommonDataModel.pdb' PDB를 'vtkCommonDataModel-8.1-gd.lib(vtkNonLinearCell.obj)' 또는 'C:\Users\NB42\git\robosense_demo_cw\x64\Release\vtkCommonDataModel.pdb'에서 찾을 수 없습니다. 디버그 정보가 없는 것처럼 개체를 링크합니다.
vtkCommonDataModel-8.1-gd.lib(vtkOrderedTriangulator.obj) : warning LNK4099: 'vtkCommonDataModel.pdb' PDB를 'vtkCommonDataModel-8.1-gd.lib(vtkOrderedTriangulator.obj)' 또는 'C:\Users\NB42\git\robosense_demo_cw\x64\Release\vtkCommonDataModel.pdb'에서 찾을 수 없습니다. 디버그 정보가 없는 것처럼 개체를 링크합니다.
vtkCommonDataModel-8.1-gd.lib(vtkOutEdgeIterator.obj) : warning LNK4099: 'vtkCommonDataModel.pdb' PDB를 'vtkCommonDataModel-8.1-gd.lib(vtkOutEdgeIterator.obj)' 또는 'C:\Users\NB42\git\robosense_demo_cw\x64\Release\vtkCommonDataModel.pdb'에서 찾을 수 없습니다. 디버그 정보가 없는 것처럼 개체를 링크합니다.
vtkCommonDataModel-8.1-gd.lib(vtkPath.obj) : warning LNK4099: 'vtkCommonDataModel.pdb' PDB를 'vtkCommonDataModel-8.1-gd.lib(vtkPath.obj)' 또는 'C:\Users\NB42\git\robosense_demo_cw\x64\Release\vtkCommonDataModel.pdb'에서 찾을 수 없습니다. 디버그 정보가 없는 것처럼 개체를 링크합니다.
vtkCommonDataModel-8.1-gd.lib(vtkPentagonalPrism.obj) : warning LNK4099: 'vtkCommonDataModel.pdb' PDB를 'vtkCommonDataModel-8.1-gd.lib(vtkPentagonalPrism.obj)' 또는 'C:\Users\NB42\git\robosense_demo_cw\x64\Release\vtkCommonDataModel.pdb'에서 찾을 수 없습니다. 디버그 정보가 없는 것처럼 개체를 링크합니다.
vtkCommonDataModel-8.1-gd.lib(vtkPixel.obj) : warning LNK4099: 'vtkCommonDataModel.pdb' PDB를 'vtkCommonDataModel-8.1-gd.lib(vtkPixel.obj)' 또는 'C:\Users\NB42\git\robosense_demo_cw\x64\Release\vtkCommonDataModel.pdb'에서 찾을 수 없습니다. 디버그 정보가 없는 것처럼 개체를 링크합니다.
vtkCommonDataModel-8.1-gd.lib(vtkPlaneCollection.obj) : warning LNK4099: 'vtkCommonDataModel.pdb' PDB를 'vtkCommonDataModel-8.1-gd.lib(vtkPlaneCollection.obj)' 또는 'C:\Users\NB42\git\robosense_demo_cw\x64\Release\vtkCommonDataModel.pdb'에서 찾을 수 없습니다. 디버그 정보가 없는 것처럼 개체를 링크합니다.
vtkCommonDataModel-8.1-gd.lib(vtkPlane.obj) : warning LNK4099: 'vtkCommonDataModel.pdb' PDB를 'vtkCommonDataModel-8.1-gd.lib(vtkPlane.obj)' 또는 'C:\Users\NB42\git\robosense_demo_cw\x64\Release\vtkCommonDataModel.pdb'에서 찾을 수 없습니다. 디버그 정보가 없는 것처럼 개체를 링크합니다.
vtkCommonDataModel-8.1-gd.lib(vtkPlanes.obj) : warning LNK4099: 'vtkCommonDataModel.pdb' PDB를 'vtkCommonDataModel-8.1-gd.lib(vtkPlanes.obj)' 또는 'C:\Users\NB42\git\robosense_demo_cw\x64\Release\vtkCommonDataModel.pdb'에서 찾을 수 없습니다. 디버그 정보가 없는 것처럼 개체를 링크합니다.
vtkCommonDataModel-8.1-gd.lib(vtkPointData.obj) : warning LNK4099: 'vtkCommonDataModel.pdb' PDB를 'vtkCommonDataModel-8.1-gd.lib(vtkPointData.obj)' 또는 'C:\Users\NB42\git\robosense_demo_cw\x64\Release\vtkCommonDataModel.pdb'에서 찾을 수 없습니다. 디버그 정보가 없는 것처럼 개체를 링크합니다.
vtkCommonDataModel-8.1-gd.lib(vtkPointLocator.obj) : warning LNK4099: 'vtkCommonDataModel.pdb' PDB를 'vtkCommonDataModel-8.1-gd.lib(vtkPointLocator.obj)' 또는 'C:\Users\NB42\git\robosense_demo_cw\x64\Release\vtkCommonDataModel.pdb'에서 찾을 수 없습니다. 디버그 정보가 없는 것처럼 개체를 링크합니다.
vtkCommonDataModel-8.1-gd.lib(vtkPointSet.obj) : warning LNK4099: 'vtkCommonDataModel.pdb' PDB를 'vtkCommonDataModel-8.1-gd.lib(vtkPointSet.obj)' 또는 'C:\Users\NB42\git\robosense_demo_cw\x64\Release\vtkCommonDataModel.pdb'에서 찾을 수 없습니다. 디버그 정보가 없는 것처럼 개체를 링크합니다.
vtkCommonDataModel-8.1-gd.lib(vtkPointSetCellIterator.obj) : warning LNK4099: 'vtkCommonDataModel.pdb' PDB를 'vtkCommonDataModel-8.1-gd.lib(vtkPointSetCellIterator.obj)' 또는 'C:\Users\NB42\git\robosense_demo_cw\x64\Release\vtkCommonDataModel.pdb'에서 찾을 수 없습니다. 디버그 정보가 없는 것처럼 개체를 링크합니다.
vtkCommonDataModel-8.1-gd.lib(vtkPolyData.obj) : warning LNK4099: 'vtkCommonDataModel.pdb' PDB를 'vtkCommonDataModel-8.1-gd.lib(vtkPolyData.obj)' 또는 'C:\Users\NB42\git\robosense_demo_cw\x64\Release\vtkCommonDataModel.pdb'에서 찾을 수 없습니다. 디버그 정보가 없는 것처럼 개체를 링크합니다.
vtkCommonDataModel-8.1-gd.lib(vtkPolygon.obj) : warning LNK4099: 'vtkCommonDataModel.pdb' PDB를 'vtkCommonDataModel-8.1-gd.lib(vtkPolygon.obj)' 또는 'C:\Users\NB42\git\robosense_demo_cw\x64\Release\vtkCommonDataModel.pdb'에서 찾을 수 없습니다. 디버그 정보가 없는 것처럼 개체를 링크합니다.
vtkCommonDataModel-8.1-gd.lib(vtkPolyhedron.obj) : warning LNK4099: 'vtkCommonDataModel.pdb' PDB를 'vtkCommonDataModel-8.1-gd.lib(vtkPolyhedron.obj)' 또는 'C:\Users\NB42\git\robosense_demo_cw\x64\Release\vtkCommonDataModel.pdb'에서 찾을 수 없습니다. 디버그 정보가 없는 것처럼 개체를 링크합니다.
vtkCommonDataModel-8.1-gd.lib(vtkPolyLine.obj) : warning LNK4099: 'vtkCommonDataModel.pdb' PDB를 'vtkCommonDataModel-8.1-gd.lib(vtkPolyLine.obj)' 또는 'C:\Users\NB42\git\robosense_demo_cw\x64\Release\vtkCommonDataModel.pdb'에서 찾을 수 없습니다. 디버그 정보가 없는 것처럼 개체를 링크합니다.
vtkCommonDataModel-8.1-gd.lib(vtkPolyVertex.obj) : warning LNK4099: 'vtkCommonDataModel.pdb' PDB를 'vtkCommonDataModel-8.1-gd.lib(vtkPolyVertex.obj)' 또는 'C:\Users\NB42\git\robosense_demo_cw\x64\Release\vtkCommonDataModel.pdb'에서 찾을 수 없습니다. 디버그 정보가 없는 것처럼 개체를 링크합니다.
vtkCommonDataModel-8.1-gd.lib(vtkPyramid.obj) : warning LNK4099: 'vtkCommonDataModel.pdb' PDB를 'vtkCommonDataModel-8.1-gd.lib(vtkPyramid.obj)' 또는 'C:\Users\NB42\git\robosense_demo_cw\x64\Release\vtkCommonDataModel.pdb'에서 찾을 수 없습니다. 디버그 정보가 없는 것처럼 개체를 링크합니다.
vtkCommonDataModel-8.1-gd.lib(vtkQuad.obj) : warning LNK4099: 'vtkCommonDataModel.pdb' PDB를 'vtkCommonDataModel-8.1-gd.lib(vtkQuad.obj)' 또는 'C:\Users\NB42\git\robosense_demo_cw\x64\Release\vtkCommonDataModel.pdb'에서 찾을 수 없습니다. 디버그 정보가 없는 것처럼 개체를 링크합니다.
vtkCommonDataModel-8.1-gd.lib(vtkQuadraticEdge.obj) : warning LNK4099: 'vtkCommonDataModel.pdb' PDB를 'vtkCommonDataModel-8.1-gd.lib(vtkQuadraticEdge.obj)' 또는 'C:\Users\NB42\git\robosense_demo_cw\x64\Release\vtkCommonDataModel.pdb'에서 찾을 수 없습니다. 디버그 정보가 없는 것처럼 개체를 링크합니다.
vtkCommonDataModel-8.1-gd.lib(vtkQuadraticHexahedron.obj) : warning LNK4099: 'vtkCommonDataModel.pdb' PDB를 'vtkCommonDataModel-8.1-gd.lib(vtkQuadraticHexahedron.obj)' 또는 'C:\Users\NB42\git\robosense_demo_cw\x64\Release\vtkCommonDataModel.pdb'에서 찾을 수 없습니다. 디버그 정보가 없는 것처럼 개체를 링크합니다.
vtkCommonDataModel-8.1-gd.lib(vtkQuadraticLinearQuad.obj) : warning LNK4099: 'vtkCommonDataModel.pdb' PDB를 'vtkCommonDataModel-8.1-gd.lib(vtkQuadraticLinearQuad.obj)' 또는 'C:\Users\NB42\git\robosense_demo_cw\x64\Release\vtkCommonDataModel.pdb'에서 찾을 수 없습니다. 디버그 정보가 없는 것처럼 개체를 링크합니다.
vtkCommonDataModel-8.1-gd.lib(vtkQuadraticLinearWedge.obj) : warning LNK4099: 'vtkCommonDataModel.pdb' PDB를 'vtkCommonDataModel-8.1-gd.lib(vtkQuadraticLinearWedge.obj)' 또는 'C:\Users\NB42\git\robosense_demo_cw\x64\Release\vtkCommonDataModel.pdb'에서 찾을 수 없습니다. 디버그 정보가 없는 것처럼 개체를 링크합니다.
vtkCommonDataModel-8.1-gd.lib(vtkQuadraticPolygon.obj) : warning LNK4099: 'vtkCommonDataModel.pdb' PDB를 'vtkCommonDataModel-8.1-gd.lib(vtkQuadraticPolygon.obj)' 또는 'C:\Users\NB42\git\robosense_demo_cw\x64\Release\vtkCommonDataModel.pdb'에서 찾을 수 없습니다. 디버그 정보가 없는 것처럼 개체를 링크합니다.
vtkCommonDataModel-8.1-gd.lib(vtkQuadraticPyramid.obj) : warning LNK4099: 'vtkCommonDataModel.pdb' PDB를 'vtkCommonDataModel-8.1-gd.lib(vtkQuadraticPyramid.obj)' 또는 'C:\Users\NB42\git\robosense_demo_cw\x64\Release\vtkCommonDataModel.pdb'에서 찾을 수 없습니다. 디버그 정보가 없는 것처럼 개체를 링크합니다.
vtkCommonDataModel-8.1-gd.lib(vtkQuadraticQuad.obj) : warning LNK4099: 'vtkCommonDataModel.pdb' PDB를 'vtkCommonDataModel-8.1-gd.lib(vtkQuadraticQuad.obj)' 또는 'C:\Users\NB42\git\robosense_demo_cw\x64\Release\vtkCommonDataModel.pdb'에서 찾을 수 없습니다. 디버그 정보가 없는 것처럼 개체를 링크합니다.
vtkCommonDataModel-8.1-gd.lib(vtkQuadraticTetra.obj) : warning LNK4099: 'vtkCommonDataModel.pdb' PDB를 'vtkCommonDataModel-8.1-gd.lib(vtkQuadraticTetra.obj)' 또는 'C:\Users\NB42\git\robosense_demo_cw\x64\Release\vtkCommonDataModel.pdb'에서 찾을 수 없습니다. 디버그 정보가 없는 것처럼 개체를 링크합니다.
vtkCommonDataModel-8.1-gd.lib(vtkQuadraticTriangle.obj) : warning LNK4099: 'vtkCommonDataModel.pdb' PDB를 'vtkCommonDataModel-8.1-gd.lib(vtkQuadraticTriangle.obj)' 또는 'C:\Users\NB42\git\robosense_demo_cw\x64\Release\vtkCommonDataModel.pdb'에서 찾을 수 없습니다. 디버그 정보가 없는 것처럼 개체를 링크합니다.
vtkCommonDataModel-8.1-gd.lib(vtkQuadraticWedge.obj) : warning LNK4099: 'vtkCommonDataModel.pdb' PDB를 'vtkCommonDataModel-8.1-gd.lib(vtkQuadraticWedge.obj)' 또는 'C:\Users\NB42\git\robosense_demo_cw\x64\Release\vtkCommonDataModel.pdb'에서 찾을 수 없습니다. 디버그 정보가 없는 것처럼 개체를 링크합니다.
vtkCommonDataModel-8.1-gd.lib(vtkQuadric.obj) : warning LNK4099: 'vtkCommonDataModel.pdb' PDB를 'vtkCommonDataModel-8.1-gd.lib(vtkQuadric.obj)' 또는 'C:\Users\NB42\git\robosense_demo_cw\x64\Release\vtkCommonDataModel.pdb'에서 찾을 수 없습니다. 디버그 정보가 없는 것처럼 개체를 링크합니다.
vtkCommonDataModel-8.1-gd.lib(vtkRectilinearGrid.obj) : warning LNK4099: 'vtkCommonDataModel.pdb' PDB를 'vtkCommonDataModel-8.1-gd.lib(vtkRectilinearGrid.obj)' 또는 'C:\Users\NB42\git\robosense_demo_cw\x64\Release\vtkCommonDataModel.pdb'에서 찾을 수 없습니다. 디버그 정보가 없는 것처럼 개체를 링크합니다.
vtkCommonDataModel-8.1-gd.lib(vtkReebGraph.obj) : warning LNK4099: 'vtkCommonDataModel.pdb' PDB를 'vtkCommonDataModel-8.1-gd.lib(vtkReebGraph.obj)' 또는 'C:\Users\NB42\git\robosense_demo_cw\x64\Release\vtkCommonDataModel.pdb'에서 찾을 수 없습니다. 디버그 정보가 없는 것처럼 개체를 링크합니다.
vtkCommonDataModel-8.1-gd.lib(vtkSelection.obj) : warning LNK4099: 'vtkCommonDataModel.pdb' PDB를 'vtkCommonDataModel-8.1-gd.lib(vtkSelection.obj)' 또는 'C:\Users\NB42\git\robosense_demo_cw\x64\Release\vtkCommonDataModel.pdb'에서 찾을 수 없습니다. 디버그 정보가 없는 것처럼 개체를 링크합니다.
vtkCommonDataModel-8.1-gd.lib(vtkSelectionNode.obj) : warning LNK4099: 'vtkCommonDataModel.pdb' PDB를 'vtkCommonDataModel-8.1-gd.lib(vtkSelectionNode.obj)' 또는 'C:\Users\NB42\git\robosense_demo_cw\x64\Release\vtkCommonDataModel.pdb'에서 찾을 수 없습니다. 디버그 정보가 없는 것처럼 개체를 링크합니다.
vtkCommonDataModel-8.1-gd.lib(vtkStructuredData.obj) : warning LNK4099: 'vtkCommonDataModel.pdb' PDB를 'vtkCommonDataModel-8.1-gd.lib(vtkStructuredData.obj)' 또는 'C:\Users\NB42\git\robosense_demo_cw\x64\Release\vtkCommonDataModel.pdb'에서 찾을 수 없습니다. 디버그 정보가 없는 것처럼 개체를 링크합니다.
vtkCommonDataModel-8.1-gd.lib(vtkStructuredGrid.obj) : warning LNK4099: 'vtkCommonDataModel.pdb' PDB를 'vtkCommonDataModel-8.1-gd.lib(vtkStructuredGrid.obj)' 또는 'C:\Users\NB42\git\robosense_demo_cw\x64\Release\vtkCommonDataModel.pdb'에서 찾을 수 없습니다. 디버그 정보가 없는 것처럼 개체를 링크합니다.
vtkCommonDataModel-8.1-gd.lib(vtkStructuredPoints.obj) : warning LNK4099: 'vtkCommonDataModel.pdb' PDB를 'vtkCommonDataModel-8.1-gd.lib(vtkStructuredPoints.obj)' 또는 'C:\Users\NB42\git\robosense_demo_cw\x64\Release\vtkCommonDataModel.pdb'에서 찾을 수 없습니다. 디버그 정보가 없는 것처럼 개체를 링크합니다.
vtkCommonDataModel-8.1-gd.lib(vtkTable.obj) : warning LNK4099: 'vtkCommonDataModel.pdb' PDB를 'vtkCommonDataModel-8.1-gd.lib(vtkTable.obj)' 또는 'C:\Users\NB42\git\robosense_demo_cw\x64\Release\vtkCommonDataModel.pdb'에서 찾을 수 없습니다. 디버그 정보가 없는 것처럼 개체를 링크합니다.
vtkCommonDataModel-8.1-gd.lib(vtkTetra.obj) : warning LNK4099: 'vtkCommonDataModel.pdb' PDB를 'vtkCommonDataModel-8.1-gd.lib(vtkTetra.obj)' 또는 'C:\Users\NB42\git\robosense_demo_cw\x64\Release\vtkCommonDataModel.pdb'에서 찾을 수 없습니다. 디버그 정보가 없는 것처럼 개체를 링크합니다.
vtkCommonDataModel-8.1-gd.lib(vtkTree.obj) : warning LNK4099: 'vtkCommonDataModel.pdb' PDB를 'vtkCommonDataModel-8.1-gd.lib(vtkTree.obj)' 또는 'C:\Users\NB42\git\robosense_demo_cw\x64\Release\vtkCommonDataModel.pdb'에서 찾을 수 없습니다. 디버그 정보가 없는 것처럼 개체를 링크합니다.
vtkCommonDataModel-8.1-gd.lib(vtkTriangle.obj) : warning LNK4099: 'vtkCommonDataModel.pdb' PDB를 'vtkCommonDataModel-8.1-gd.lib(vtkTriangle.obj)' 또는 'C:\Users\NB42\git\robosense_demo_cw\x64\Release\vtkCommonDataModel.pdb'에서 찾을 수 없습니다. 디버그 정보가 없는 것처럼 개체를 링크합니다.
vtkCommonDataModel-8.1-gd.lib(vtkTriangleStrip.obj) : warning LNK4099: 'vtkCommonDataModel.pdb' PDB를 'vtkCommonDataModel-8.1-gd.lib(vtkTriangleStrip.obj)' 또는 'C:\Users\NB42\git\robosense_demo_cw\x64\Release\vtkCommonDataModel.pdb'에서 찾을 수 없습니다. 디버그 정보가 없는 것처럼 개체를 링크합니다.
vtkCommonDataModel-8.1-gd.lib(vtkTriQuadraticHexahedron.obj) : warning LNK4099: 'vtkCommonDataModel.pdb' PDB를 'vtkCommonDataModel-8.1-gd.lib(vtkTriQuadraticHexahedron.obj)' 또는 'C:\Users\NB42\git\robosense_demo_cw\x64\Release\vtkCommonDataModel.pdb'에서 찾을 수 없습니다. 디버그 정보가 없는 것처럼 개체를 링크합니다.
vtkCommonDataModel-8.1-gd.lib(vtkUndirectedGraph.obj) : warning LNK4099: 'vtkCommonDataModel.pdb' PDB를 'vtkCommonDataModel-8.1-gd.lib(vtkUndirectedGraph.obj)' 또는 'C:\Users\NB42\git\robosense_demo_cw\x64\Release\vtkCommonDataModel.pdb'에서 찾을 수 없습니다. 디버그 정보가 없는 것처럼 개체를 링크합니다.
vtkCommonDataModel-8.1-gd.lib(vtkUniformGrid.obj) : warning LNK4099: 'vtkCommonDataModel.pdb' PDB를 'vtkCommonDataModel-8.1-gd.lib(vtkUniformGrid.obj)' 또는 'C:\Users\NB42\git\robosense_demo_cw\x64\Release\vtkCommonDataModel.pdb'에서 찾을 수 없습니다. 디버그 정보가 없는 것처럼 개체를 링크합니다.
vtkCommonDataModel-8.1-gd.lib(vtkUnstructuredGrid.obj) : warning LNK4099: 'vtkCommonDataModel.pdb' PDB를 'vtkCommonDataModel-8.1-gd.lib(vtkUnstructuredGrid.obj)' 또는 'C:\Users\NB42\git\robosense_demo_cw\x64\Release\vtkCommonDataModel.pdb'에서 찾을 수 없습니다. 디버그 정보가 없는 것처럼 개체를 링크합니다.
vtkCommonDataModel-8.1-gd.lib(vtkUnstructuredGridBase.obj) : warning LNK4099: 'vtkCommonDataModel.pdb' PDB를 'vtkCommonDataModel-8.1-gd.lib(vtkUnstructuredGridBase.obj)' 또는 'C:\Users\NB42\git\robosense_demo_cw\x64\Release\vtkCommonDataModel.pdb'에서 찾을 수 없습니다. 디버그 정보가 없는 것처럼 개체를 링크합니다.
vtkCommonDataModel-8.1-gd.lib(vtkUnstructuredGridCellIterator.obj) : warning LNK4099: 'vtkCommonDataModel.pdb' PDB를 'vtkCommonDataModel-8.1-gd.lib(vtkUnstructuredGridCellIterator.obj)' 또는 'C:\Users\NB42\git\robosense_demo_cw\x64\Release\vtkCommonDataModel.pdb'에서 찾을 수 없습니다. 디버그 정보가 없는 것처럼 개체를 링크합니다.
vtkCommonDataModel-8.1-gd.lib(vtkVertex.obj) : warning LNK4099: 'vtkCommonDataModel.pdb' PDB를 'vtkCommonDataModel-8.1-gd.lib(vtkVertex.obj)' 또는 'C:\Users\NB42\git\robosense_demo_cw\x64\Release\vtkCommonDataModel.pdb'에서 찾을 수 없습니다. 디버그 정보가 없는 것처럼 개체를 링크합니다.
vtkCommonDataModel-8.1-gd.lib(vtkVoxel.obj) : warning LNK4099: 'vtkCommonDataModel.pdb' PDB를 'vtkCommonDataModel-8.1-gd.lib(vtkVoxel.obj)' 또는 'C:\Users\NB42\git\robosense_demo_cw\x64\Release\vtkCommonDataModel.pdb'에서 찾을 수 없습니다. 디버그 정보가 없는 것처럼 개체를 링크합니다.
vtkCommonDataModel-8.1-gd.lib(vtkWedge.obj) : warning LNK4099: 'vtkCommonDataModel.pdb' PDB를 'vtkCommonDataModel-8.1-gd.lib(vtkWedge.obj)' 또는 'C:\Users\NB42\git\robosense_demo_cw\x64\Release\vtkCommonDataModel.pdb'에서 찾을 수 없습니다. 디버그 정보가 없는 것처럼 개체를 링크합니다.
vtkCommonDataModel-8.1-gd.lib(vtkBoundingBox.obj) : warning LNK4099: 'vtkCommonDataModel.pdb' PDB를 'vtkCommonDataModel-8.1-gd.lib(vtkBoundingBox.obj)' 또는 'C:\Users\NB42\git\robosense_demo_cw\x64\Release\vtkCommonDataModel.pdb'에서 찾을 수 없습니다. 디버그 정보가 없는 것처럼 개체를 링크합니다.
vtkCommonDataModel-8.1-gd.lib(vtkAtom.obj) : warning LNK4099: 'vtkCommonDataModel.pdb' PDB를 'vtkCommonDataModel-8.1-gd.lib(vtkAtom.obj)' 또는 'C:\Users\NB42\git\robosense_demo_cw\x64\Release\vtkCommonDataModel.pdb'에서 찾을 수 없습니다. 디버그 정보가 없는 것처럼 개체를 링크합니다.
vtkCommonDataModel-8.1-gd.lib(vtkBond.obj) : warning LNK4099: 'vtkCommonDataModel.pdb' PDB를 'vtkCommonDataModel-8.1-gd.lib(vtkBond.obj)' 또는 'C:\Users\NB42\git\robosense_demo_cw\x64\Release\vtkCommonDataModel.pdb'에서 찾을 수 없습니다. 디버그 정보가 없는 것처럼 개체를 링크합니다.
vtkCommonDataModel-8.1-gd.lib(vtkMolecule.obj) : warning LNK4099: 'vtkCommonDataModel.pdb' PDB를 'vtkCommonDataModel-8.1-gd.lib(vtkMolecule.obj)' 또는 'C:\Users\NB42\git\robosense_demo_cw\x64\Release\vtkCommonDataModel.pdb'에서 찾을 수 없습니다. 디버그 정보가 없는 것처럼 개체를 링크합니다.
vtkCommonDataModel-8.1-gd.lib(vtkNonOverlappingAMR.obj) : warning LNK4099: 'vtkCommonDataModel.pdb' PDB를 'vtkCommonDataModel-8.1-gd.lib(vtkNonOverlappingAMR.obj)' 또는 'C:\Users\NB42\git\robosense_demo_cw\x64\Release\vtkCommonDataModel.pdb'에서 찾을 수 없습니다. 디버그 정보가 없는 것처럼 개체를 링크합니다.
vtkCommonDataModel-8.1-gd.lib(vtkOverlappingAMR.obj) : warning LNK4099: 'vtkCommonDataModel.pdb' PDB를 'vtkCommonDataModel-8.1-gd.lib(vtkOverlappingAMR.obj)' 또는 'C:\Users\NB42\git\robosense_demo_cw\x64\Release\vtkCommonDataModel.pdb'에서 찾을 수 없습니다. 디버그 정보가 없는 것처럼 개체를 링크합니다.
vtkCommonDataModel-8.1-gd.lib(vtkAMRInformation.obj) : warning LNK4099: 'vtkCommonDataModel.pdb' PDB를 'vtkCommonDataModel-8.1-gd.lib(vtkAMRInformation.obj)' 또는 'C:\Users\NB42\git\robosense_demo_cw\x64\Release\vtkCommonDataModel.pdb'에서 찾을 수 없습니다. 디버그 정보가 없는 것처럼 개체를 링크합니다.
vtkCommonDataModel-8.1-gd.lib(vtkAMRDataInternals.obj) : warning LNK4099: 'vtkCommonDataModel.pdb' PDB를 'vtkCommonDataModel-8.1-gd.lib(vtkAMRDataInternals.obj)' 또는 'C:\Users\NB42\git\robosense_demo_cw\x64\Release\vtkCommonDataModel.pdb'에서 찾을 수 없습니다. 디버그 정보가 없는 것처럼 개체를 링크합니다.
vtkCommonDataModel-8.1-gd.lib(vtkUniformGridAMR.obj) : warning LNK4099: 'vtkCommonDataModel.pdb' PDB를 'vtkCommonDataModel-8.1-gd.lib(vtkUniformGridAMR.obj)' 또는 'C:\Users\NB42\git\robosense_demo_cw\x64\Release\vtkCommonDataModel.pdb'에서 찾을 수 없습니다. 디버그 정보가 없는 것처럼 개체를 링크합니다.
vtkCommonDataModel-8.1-gd.lib(vtkUniformGridAMRDataIterator.obj) : warning LNK4099: 'vtkCommonDataModel.pdb' PDB를 'vtkCommonDataModel-8.1-gd.lib(vtkUniformGridAMRDataIterator.obj)' 또는 'C:\Users\NB42\git\robosense_demo_cw\x64\Release\vtkCommonDataModel.pdb'에서 찾을 수 없습니다. 디버그 정보가 없는 것처럼 개체를 링크합니다.
vtkCommonDataModel-8.1-gd.lib(vtkHyperOctree.obj) : warning LNK4099: 'vtkCommonDataModel.pdb' PDB를 'vtkCommonDataModel-8.1-gd.lib(vtkHyperOctree.obj)' 또는 'C:\Users\NB42\git\robosense_demo_cw\x64\Release\vtkCommonDataModel.pdb'에서 찾을 수 없습니다. 디버그 정보가 없는 것처럼 개체를 링크합니다.
vtkCommonDataModel-8.1-gd.lib(vtkHyperOctreeCursor.obj) : warning LNK4099: 'vtkCommonDataModel.pdb' PDB를 'vtkCommonDataModel-8.1-gd.lib(vtkHyperOctreeCursor.obj)' 또는 'C:\Users\NB42\git\robosense_demo_cw\x64\Release\vtkCommonDataModel.pdb'에서 찾을 수 없습니다. 디버그 정보가 없는 것처럼 개체를 링크합니다.
vtkCommonExecutionModel-8.1-gd.lib(vtkAlgorithm.obj) : warning LNK4099: 'vtkCommonExecutionModel.pdb' PDB를 'vtkCommonExecutionModel-8.1-gd.lib(vtkAlgorithm.obj)' 또는 'C:\Users\NB42\git\robosense_demo_cw\x64\Release\vtkCommonExecutionModel.pdb'에서 찾을 수 없습니다. 디버그 정보가 없는 것처럼 개체를 링크합니다.
vtkCommonExecutionModel-8.1-gd.lib(vtkAlgorithmOutput.obj) : warning LNK4099: 'vtkCommonExecutionModel.pdb' PDB를 'vtkCommonExecutionModel-8.1-gd.lib(vtkAlgorithmOutput.obj)' 또는 'C:\Users\NB42\git\robosense_demo_cw\x64\Release\vtkCommonExecutionModel.pdb'에서 찾을 수 없습니다. 디버그 정보가 없는 것처럼 개체를 링크합니다.
vtkCommonExecutionModel-8.1-gd.lib(vtkCompositeDataPipeline.obj) : warning LNK4099: 'vtkCommonExecutionModel.pdb' PDB를 'vtkCommonExecutionModel-8.1-gd.lib(vtkCompositeDataPipeline.obj)' 또는 'C:\Users\NB42\git\robosense_demo_cw\x64\Release\vtkCommonExecutionModel.pdb'에서 찾을 수 없습니다. 디버그 정보가 없는 것처럼 개체를 링크합니다.
vtkCommonExecutionModel-8.1-gd.lib(vtkDemandDrivenPipeline.obj) : warning LNK4099: 'vtkCommonExecutionModel.pdb' PDB를 'vtkCommonExecutionModel-8.1-gd.lib(vtkDemandDrivenPipeline.obj)' 또는 'C:\Users\NB42\git\robosense_demo_cw\x64\Release\vtkCommonExecutionModel.pdb'에서 찾을 수 없습니다. 디버그 정보가 없는 것처럼 개체를 링크합니다.
vtkCommonExecutionModel-8.1-gd.lib(vtkExecutive.obj) : warning LNK4099: 'vtkCommonExecutionModel.pdb' PDB를 'vtkCommonExecutionModel-8.1-gd.lib(vtkExecutive.obj)' 또는 'C:\Users\NB42\git\robosense_demo_cw\x64\Release\vtkCommonExecutionModel.pdb'에서 찾을 수 없습니다. 디버그 정보가 없는 것처럼 개체를 링크합니다.
vtkCommonExecutionModel-8.1-gd.lib(vtkExtentTranslator.obj) : warning LNK4099: 'vtkCommonExecutionModel.pdb' PDB를 'vtkCommonExecutionModel-8.1-gd.lib(vtkExtentTranslator.obj)' 또는 'C:\Users\NB42\git\robosense_demo_cw\x64\Release\vtkCommonExecutionModel.pdb'에서 찾을 수 없습니다. 디버그 정보가 없는 것처럼 개체를 링크합니다.
vtkCommonExecutionModel-8.1-gd.lib(vtkFilteringInformationKeyManager.obj) : warning LNK4099: 'vtkCommonExecutionModel.pdb' PDB를 'vtkCommonExecutionModel-8.1-gd.lib(vtkFilteringInformationKeyManager.obj)' 또는 'C:\Users\NB42\git\robosense_demo_cw\x64\Release\vtkCommonExecutionModel.pdb'에서 찾을 수 없습니다. 디버그 정보가 없는 것처럼 개체를 링크합니다.
vtkCommonExecutionModel-8.1-gd.lib(vtkInformationExecutivePortKey.obj) : warning LNK4099: 'vtkCommonExecutionModel.pdb' PDB를 'vtkCommonExecutionModel-8.1-gd.lib(vtkInformationExecutivePortKey.obj)' 또는 'C:\Users\NB42\git\robosense_demo_cw\x64\Release\vtkCommonExecutionModel.pdb'에서 찾을 수 없습니다. 디버그 정보가 없는 것처럼 개체를 링크합니다.
vtkCommonExecutionModel-8.1-gd.lib(vtkInformationExecutivePortVectorKey.obj) : warning LNK4099: 'vtkCommonExecutionModel.pdb' PDB를 'vtkCommonExecutionModel-8.1-gd.lib(vtkInformationExecutivePortVectorKey.obj)' 또는 'C:\Users\NB42\git\robosense_demo_cw\x64\Release\vtkCommonExecutionModel.pdb'에서 찾을 수 없습니다. 디버그 정보가 없는 것처럼 개체를 링크합니다.
vtkCommonExecutionModel-8.1-gd.lib(vtkInformationIntegerRequestKey.obj) : warning LNK4099: 'vtkCommonExecutionModel.pdb' PDB를 'vtkCommonExecutionModel-8.1-gd.lib(vtkInformationIntegerRequestKey.obj)' 또는 'C:\Users\NB42\git\robosense_demo_cw\x64\Release\vtkCommonExecutionModel.pdb'에서 찾을 수 없습니다. 디버그 정보가 없는 것처럼 개체를 링크합니다.
vtkCommonExecutionModel-8.1-gd.lib(vtkStreamingDemandDrivenPipeline.obj) : warning LNK4099: 'vtkCommonExecutionModel.pdb' PDB를 'vtkCommonExecutionModel-8.1-gd.lib(vtkStreamingDemandDrivenPipeline.obj)' 또는 'C:\Users\NB42\git\robosense_demo_cw\x64\Release\vtkCommonExecutionModel.pdb'에서 찾을 수 없습니다. 디버그 정보가 없는 것처럼 개체를 링크합니다.
vtkCommonExecutionModel-8.1-gd.lib(vtkTrivialProducer.obj) : warning LNK4099: 'vtkCommonExecutionModel.pdb' PDB를 'vtkCommonExecutionModel-8.1-gd.lib(vtkTrivialProducer.obj)' 또는 'C:\Users\NB42\git\robosense_demo_cw\x64\Release\vtkCommonExecutionModel.pdb'에서 찾을 수 없습니다. 디버그 정보가 없는 것처럼 개체를 링크합니다.
vtkCommonMath-8.1-gd.lib(vtkMatrix3x3.obj) : warning LNK4099: 'vtkCommonMath.pdb' PDB를 'vtkCommonMath-8.1-gd.lib(vtkMatrix3x3.obj)' 또는 'C:\Users\NB42\git\robosense_demo_cw\x64\Release\vtkCommonMath.pdb'에서 찾을 수 없습니다. 디버그 정보가 없는 것처럼 개체를 링크합니다.
vtkCommonMath-8.1-gd.lib(vtkMatrix4x4.obj) : warning LNK4099: 'vtkCommonMath.pdb' PDB를 'vtkCommonMath-8.1-gd.lib(vtkMatrix4x4.obj)' 또는 'C:\Users\NB42\git\robosense_demo_cw\x64\Release\vtkCommonMath.pdb'에서 찾을 수 없습니다. 디버그 정보가 없는 것처럼 개체를 링크합니다.
vtkCommonMisc-8.1-gd.lib(vtkErrorCode.obj) : warning LNK4099: 'vtkCommonMisc.pdb' PDB를 'vtkCommonMisc-8.1-gd.lib(vtkErrorCode.obj)' 또는 'C:\Users\NB42\git\robosense_demo_cw\x64\Release\vtkCommonMisc.pdb'에서 찾을 수 없습니다. 디버그 정보가 없는 것처럼 개체를 링크합니다.
vtkCommonMisc-8.1-gd.lib(vtkHeap.obj) : warning LNK4099: 'vtkCommonMisc.pdb' PDB를 'vtkCommonMisc-8.1-gd.lib(vtkHeap.obj)' 또는 'C:\Users\NB42\git\robosense_demo_cw\x64\Release\vtkCommonMisc.pdb'에서 찾을 수 없습니다. 디버그 정보가 없는 것처럼 개체를 링크합니다.
vtkCommonSystem-8.1-gd.lib(vtkTimerLog.obj) : warning LNK4099: 'vtkCommonSystem.pdb' PDB를 'vtkCommonSystem-8.1-gd.lib(vtkTimerLog.obj)' 또는 'C:\Users\NB42\git\robosense_demo_cw\x64\Release\vtkCommonSystem.pdb'에서 찾을 수 없습니다. 디버그 정보가 없는 것처럼 개체를 링크합니다.
vtkCommonTransforms-8.1-gd.lib(vtkAbstractTransform.obj) : warning LNK4099: 'vtkCommonTransforms.pdb' PDB를 'vtkCommonTransforms-8.1-gd.lib(vtkAbstractTransform.obj)' 또는 'C:\Users\NB42\git\robosense_demo_cw\x64\Release\vtkCommonTransforms.pdb'에서 찾을 수 없습니다. 디버그 정보가 없는 것처럼 개체를 링크합니다.
vtkCommonTransforms-8.1-gd.lib(vtkHomogeneousTransform.obj) : warning LNK4099: 'vtkCommonTransforms.pdb' PDB를 'vtkCommonTransforms-8.1-gd.lib(vtkHomogeneousTransform.obj)' 또는 'C:\Users\NB42\git\robosense_demo_cw\x64\Release\vtkCommonTransforms.pdb'에서 찾을 수 없습니다. 디버그 정보가 없는 것처럼 개체를 링크합니다.
vtkCommonTransforms-8.1-gd.lib(vtkLinearTransform.obj) : warning LNK4099: 'vtkCommonTransforms.pdb' PDB를 'vtkCommonTransforms-8.1-gd.lib(vtkLinearTransform.obj)' 또는 'C:\Users\NB42\git\robosense_demo_cw\x64\Release\vtkCommonTransforms.pdb'에서 찾을 수 없습니다. 디버그 정보가 없는 것처럼 개체를 링크합니다.
vtkCommonTransforms-8.1-gd.lib(vtkMatrixToLinearTransform.obj) : warning LNK4099: 'vtkCommonTransforms.pdb' PDB를 'vtkCommonTransforms-8.1-gd.lib(vtkMatrixToLinearTransform.obj)' 또는 'C:\Users\NB42\git\robosense_demo_cw\x64\Release\vtkCommonTransforms.pdb'에서 찾을 수 없습니다. 디버그 정보가 없는 것처럼 개체를 링크합니다.
vtkCommonTransforms-8.1-gd.lib(vtkTransform.obj) : warning LNK4099: 'vtkCommonTransforms.pdb' PDB를 'vtkCommonTransforms-8.1-gd.lib(vtkTransform.obj)' 또는 'C:\Users\NB42\git\robosense_demo_cw\x64\Release\vtkCommonTransforms.pdb'에서 찾을 수 없습니다. 디버그 정보가 없는 것처럼 개체를 링크합니다.
vtkRenderingCore-8.1-gd.lib(vtkAbstractMapper3D.obj) : warning LNK4099: 'vtkRenderingCore.pdb' PDB를 'vtkRenderingCore-8.1-gd.lib(vtkAbstractMapper3D.obj)' 또는 'C:\Users\NB42\git\robosense_demo_cw\x64\Release\vtkRenderingCore.pdb'에서 찾을 수 없습니다. 디버그 정보가 없는 것처럼 개체를 링크합니다.
vtkRenderingCore-8.1-gd.lib(vtkAbstractMapper.obj) : warning LNK4099: 'vtkRenderingCore.pdb' PDB를 'vtkRenderingCore-8.1-gd.lib(vtkAbstractMapper.obj)' 또는 'C:\Users\NB42\git\robosense_demo_cw\x64\Release\vtkRenderingCore.pdb'에서 찾을 수 없습니다. 디버그 정보가 없는 것처럼 개체를 링크합니다.
vtkRenderingCore-8.1-gd.lib(vtkActor.obj) : warning LNK4099: 'vtkRenderingCore.pdb' PDB를 'vtkRenderingCore-8.1-gd.lib(vtkActor.obj)' 또는 'C:\Users\NB42\git\robosense_demo_cw\x64\Release\vtkRenderingCore.pdb'에서 찾을 수 없습니다. 디버그 정보가 없는 것처럼 개체를 링크합니다.
vtkRenderingCore-8.1-gd.lib(vtkMapper.obj) : warning LNK4099: 'vtkRenderingCore.pdb' PDB를 'vtkRenderingCore-8.1-gd.lib(vtkMapper.obj)' 또는 'C:\Users\NB42\git\robosense_demo_cw\x64\Release\vtkRenderingCore.pdb'에서 찾을 수 없습니다. 디버그 정보가 없는 것처럼 개체를 링크합니다.
vtkRenderingCore-8.1-gd.lib(vtkPolyDataMapper.obj) : warning LNK4099: 'vtkRenderingCore.pdb' PDB를 'vtkRenderingCore-8.1-gd.lib(vtkPolyDataMapper.obj)' 또는 'C:\Users\NB42\git\robosense_demo_cw\x64\Release\vtkRenderingCore.pdb'에서 찾을 수 없습니다. 디버그 정보가 없는 것처럼 개체를 링크합니다.
vtkRenderingCore-8.1-gd.lib(vtkProp3D.obj) : warning LNK4099: 'vtkRenderingCore.pdb' PDB를 'vtkRenderingCore-8.1-gd.lib(vtkProp3D.obj)' 또는 'C:\Users\NB42\git\robosense_demo_cw\x64\Release\vtkRenderingCore.pdb'에서 찾을 수 없습니다. 디버그 정보가 없는 것처럼 개체를 링크합니다.
vtkRenderingCore-8.1-gd.lib(vtkProp.obj) : warning LNK4099: 'vtkRenderingCore.pdb' PDB를 'vtkRenderingCore-8.1-gd.lib(vtkProp.obj)' 또는 'C:\Users\NB42\git\robosense_demo_cw\x64\Release\vtkRenderingCore.pdb'에서 찾을 수 없습니다. 디버그 정보가 없는 것처럼 개체를 링크합니다.
vtkRenderingCore-8.1-gd.lib(vtkProperty.obj) : warning LNK4099: 'vtkRenderingCore.pdb' PDB를 'vtkRenderingCore-8.1-gd.lib(vtkProperty.obj)' 또는 'C:\Users\NB42\git\robosense_demo_cw\x64\Release\vtkRenderingCore.pdb'에서 찾을 수 없습니다. 디버그 정보가 없는 것처럼 개체를 링크합니다.
vtkRenderingCore-8.1-gd.lib(vtkAssemblyNode.obj) : warning LNK4099: 'vtkRenderingCore.pdb' PDB를 'vtkRenderingCore-8.1-gd.lib(vtkAssemblyNode.obj)' 또는 'C:\Users\NB42\git\robosense_demo_cw\x64\Release\vtkRenderingCore.pdb'에서 찾을 수 없습니다. 디버그 정보가 없는 것처럼 개체를 링크합니다.
vtkRenderingCore-8.1-gd.lib(vtkAssemblyPath.obj) : warning LNK4099: 'vtkRenderingCore.pdb' PDB를 'vtkRenderingCore-8.1-gd.lib(vtkAssemblyPath.obj)' 또는 'C:\Users\NB42\git\robosense_demo_cw\x64\Release\vtkRenderingCore.pdb'에서 찾을 수 없습니다. 디버그 정보가 없는 것처럼 개체를 링크합니다.
vtkRenderingCore-8.1-gd.lib(vtkAssemblyPaths.obj) : warning LNK4099: 'vtkRenderingCore.pdb' PDB를 'vtkRenderingCore-8.1-gd.lib(vtkAssemblyPaths.obj)' 또는 'C:\Users\NB42\git\robosense_demo_cw\x64\Release\vtkRenderingCore.pdb'에서 찾을 수 없습니다. 디버그 정보가 없는 것처럼 개체를 링크합니다.
vtksys-8.1-gd.lib(EncodingC.obj) : warning LNK4099: 'vtksys.pdb' PDB를 'vtksys-8.1-gd.lib(EncodingC.obj)' 또는 'C:\Users\NB42\git\robosense_demo_cw\x64\Release\vtksys.pdb'에서 찾을 수 없습니다. 디버그 정보가 없는 것처럼 개체를 링크합니다.
vtksys-8.1-gd.lib(Directory.obj) : warning LNK4099: 'vtksys.pdb' PDB를 'vtksys-8.1-gd.lib(Directory.obj)' 또는 'C:\Users\NB42\git\robosense_demo_cw\x64\Release\vtksys.pdb'에서 찾을 수 없습니다. 디버그 정보가 없는 것처럼 개체를 링크합니다.
vtksys-8.1-gd.lib(DynamicLoader.obj) : warning LNK4099: 'vtksys.pdb' PDB를 'vtksys-8.1-gd.lib(DynamicLoader.obj)' 또는 'C:\Users\NB42\git\robosense_demo_cw\x64\Release\vtksys.pdb'에서 찾을 수 없습니다. 디버그 정보가 없는 것처럼 개체를 링크합니다.
vtksys-8.1-gd.lib(EncodingCXX.obj) : warning LNK4099: 'vtksys.pdb' PDB를 'vtksys-8.1-gd.lib(EncodingCXX.obj)' 또는 'C:\Users\NB42\git\robosense_demo_cw\x64\Release\vtksys.pdb'에서 찾을 수 없습니다. 디버그 정보가 없는 것처럼 개체를 링크합니다.
vtksys-8.1-gd.lib(RegularExpression.obj) : warning LNK4099: 'vtksys.pdb' PDB를 'vtksys-8.1-gd.lib(RegularExpression.obj)' 또는 'C:\Users\NB42\git\robosense_demo_cw\x64\Release\vtksys.pdb'에서 찾을 수 없습니다. 디버그 정보가 없는 것처럼 개체를 링크합니다.
vtksys-8.1-gd.lib(SystemTools.obj) : warning LNK4099: 'vtksys.pdb' PDB를 'vtksys-8.1-gd.lib(SystemTools.obj)' 또는 'C:\Users\NB42\git\robosense_demo_cw\x64\Release\vtksys.pdb'에서 찾을 수 없습니다. 디버그 정보가 없는 것처럼 개체를 링크합니다.
  robosense_demo_cw.vcxproj -> C:\Users\NB42\git\robosense_demo_cw\x64\Release\robosense_demo_cw.exe
